[family] verifier_family_ext2.json -> 82 items (no select_items; every item measured + dumped)
[load] google/gemma-2-9b on cuda (chat=False)
Loading weights:   0%|          | 0/464 [00:00<?, ?it/s]Loading weights:  12%|█▏        | 55/464 [00:00<00:00, 537.44it/s]Loading weights:  23%|██▎       | 109/464 [00:00<00:00, 508.04it/s]Loading weights:  34%|███▍      | 160/464 [00:00<00:00, 480.87it/s]Loading weights:  46%|████▌     | 213/464 [00:00<00:00, 476.01it/s]Loading weights:  58%|█████▊    | 268/464 [00:00<00:00, 499.96it/s]Loading weights:  69%|██████▉   | 319/464 [00:00<00:00, 499.71it/s]Loading weights:  80%|███████▉  | 370/464 [00:00<00:00, 490.53it/s]Loading weights:  91%|█████████ | 420/464 [00:00<00:00, 487.74it/s]Loading weights: 100%|██████████| 464/464 [00:00<00:00, 498.46it/s]
Loaded pretrained model google/gemma-2-9b into HookedTransformer
  [base T1] M0=+3.875 hp=0 RA n/c=0.002/0.021 (eff +0.019 fR0) RC eff=+2.375 fR1 q='Which city is the most populous in'
  [base T1] M0=+2.486 hp=0 RA n/c=0.000/0.014 (eff +0.013 fR0) RC eff=+4.480 fR1 q='Which city is the most populous in'
  [base T1] M0=+5.375 hp=0 RA n/c=0.000/0.021 (eff +0.021 fR0) RC eff=+4.125 fR1 q='Which city is the most populous in'
  [base T1] M0=+2.139 hp=0 RA n/c=0.001/0.006 (eff +0.005 fR0) RC eff=-0.697 fR0 q='Which city is the largest in Brazi'
  [base T1] M0=+5.736 hp=0 RA n/c=0.000/0.023 (eff +0.022 fR0) RC eff=+4.024 fR1 q='Which organ produces insulin in th'
  [base T1] M0=+2.875 hp=0 RA n/c=0.005/0.021 (eff +0.015 fR0) RC eff=+1.375 fR1 q='Which metal is most abundant in Ea'
  [base T1] M0=+6.427 hp=0 RA n/c=0.001/0.007 (eff +0.007 fR0) RC eff=+1.834 fR1 q='Which organelle is known as the po'
  [base T1] M0=+2.500 hp=0 RA n/c=0.001/0.021 (eff +0.020 fR0) RC eff=+2.375 fR1 q='Which country has the most lakes i'
  [base T1] M0=-3.373 hp=0 RA n/c=0.013/0.019 (eff +0.007 fR0) RC eff=+0.262 fR0 q='Which country has won the most Rug'
  [base T1] M0=+6.000 hp=0 RA n/c=0.001/0.012 (eff +0.011 fR0) RC eff=+2.000 fR1 q='Which country produces the most co'
  [base T1] M0=+5.837 hp=0 RA n/c=0.000/0.012 (eff +0.012 fR0) RC eff=+3.746 fR1 q='Which country has the largest Musl'
  [base T1] M0=-1.325 hp=1 RA n/c=0.002/0.034 (eff +0.032 fR0) RC eff=+2.901 fR1 q='Which country has the largest Chri'
  [base T1] M0=+6.250 hp=0 RA n/c=0.000/0.019 (eff +0.019 fR0) RC eff=+4.125 fR1 q='Which country has the largest Cath'
  [base T1] M0=+5.500 hp=0 RA n/c=0.000/0.020 (eff +0.019 fR0) RC eff=+3.500 fR1 q='Which country has the longest coas'
  [base T1] M0=-2.000 hp=0 RA n/c=0.006/0.029 (eff +0.023 fR0) RC eff=+1.250 fR1 q='Which country has the most time zo'
  [base T1] M0=+1.625 hp=0 RA n/c=0.003/0.032 (eff +0.029 fR0) RC eff=+2.000 fR1 q='Which continent is the driest inha'
  [base T1] M0=-1.912 hp=0 RA n/c=0.001/0.029 (eff +0.028 fR0) RC eff=+1.968 fR1 q='Which animal is the fastest in the'
  [base T1] M0=+3.074 hp=0 RA n/c=0.000/0.030 (eff +0.030 fR0) RC eff=+5.164 fR1 q='Which rodent species is the larges'
  [base T1] M0=+2.750 hp=0 RA n/c=0.001/0.010 (eff +0.010 fR0) RC eff=+2.625 fR1 q='Which big cat species is the large'
  [base T1] M0=+6.250 hp=0 RA n/c=0.000/0.026 (eff +0.026 fR0) RC eff=+5.750 fR1 q='Which city is considered the birth'
  [base T1] M0=+0.875 hp=1 RA n/c=0.002/0.022 (eff +0.020 fR0) RC eff=+1.750 fR1 q='Which country did the croissant or'
  [base T1] M0=+6.875 hp=0 RA n/c=0.000/0.018 (eff +0.018 fR0) RC eff=+8.500 fR1 q='Which country invented paper?'
  [base T1] M0=+4.750 hp=0 RA n/c=0.000/0.028 (eff +0.027 fR0) RC eff=+5.125 fR1 q='Which country is considered the bi'
  [base T1] M0=+4.625 hp=0 RA n/c=0.001/0.036 (eff +0.035 fR0) RC eff=+3.250 fR1 q='Which US state is the largest by a'
  [base T1] M0=+3.625 hp=0 RA n/c=0.000/0.019 (eff +0.018 fR0) RC eff=+3.250 fR1 q='Which US state has the longest coa'
  [base T1] M0=-1.355 hp=1 RA n/c=0.012/0.018 (eff +0.006 fR0) RC eff=-0.291 fR0 q='Which country holds the largest pr'
  [base T1] M0=+3.500 hp=0 RA n/c=0.001/0.022 (eff +0.021 fR0) RC eff=+3.625 fR1 q='Which country holds the largest na'
  [base T1] M0=+5.250 hp=0 RA n/c=0.000/0.018 (eff +0.018 fR0) RC eff=+4.500 fR1 q='Which country has the highest coff'
  [base T1] M0=+1.750 hp=0 RA n/c=0.018/0.043 (eff +0.024 fR0) RC eff=+0.625 fR1 q='Which metal is the best natural co'
  [base T1] M0=+0.000 hp=1 RA n/c=0.001/0.035 (eff +0.034 fR0) RC eff=+2.375 fR1 q='Which organ is the largest in the '
  [base T2] M0=+2.708 hp=0 RA n/c=0.013/0.052 (eff +0.039 fR0) RC eff=+4.220 fR1 q='What is the capital of the Netherl'
  [base T2] M0=+0.589 hp=1 RA n/c=0.000/0.032 (eff +0.031 fR0) RC eff=+4.531 fR1 q='What is the capital of Palau?'
  [base T2] M0=+3.599 hp=0 RA n/c=0.000/0.017 (eff +0.017 fR0) RC eff=+5.259 fR1 q='What is the capital of the Federat'
  [base T2] M0=+5.625 hp=0 RA n/c=0.000/0.008 (eff +0.008 fR0) RC eff=+4.625 fR1 q='What is the capital of Poland?'
  [base T2] M0=-1.004 hp=1 RA n/c=0.009/0.034 (eff +0.025 fR0) RC eff=-0.276 fR0 q='What is the capital of Burundi?'
  [base T2] M0=+5.515 hp=0 RA n/c=0.000/0.004 (eff +0.004 fR0) RC eff=+6.449 fR1 q='What is the capital of Montenegro?'
  [base T2] M0=+6.625 hp=0 RA n/c=0.000/0.020 (eff +0.020 fR0) RC eff=+6.625 fR1 q='What is the capital of Portugal?'
  [base T2] M0=+7.125 hp=0 RA n/c=0.000/0.019 (eff +0.019 fR0) RC eff=+3.625 fR1 q='What is the capital of Croatia?'
  [base T3] M0=+2.914 hp=0 RA n/c=0.000/0.015 (eff +0.015 fR0) RC eff=+3.888 fR1 q='Who built the first practical auto'
  [base T3] M0=+1.848 hp=0 RA n/c=0.006/0.036 (eff +0.030 fR0) RC eff=+2.087 fR1 q='Who is credited with discovering r'
  [base T3] M0=+0.453 hp=1 RA n/c=0.000/0.010 (eff +0.009 fR0) RC eff=+4.190 fR1 q='Who developed the oral polio vacci'
  [base T3] M0=-1.386 hp=1 RA n/c=0.009/0.032 (eff +0.023 fR0) RC eff=+0.256 fR0 q='Who built the first commercially s'
  [base T3] M0=+2.807 hp=0 RA n/c=0.000/0.020 (eff +0.020 fR0) RC eff=+4.824 fR1 q='Who developed the first successful'
  [base T3] M0=-0.065 hp=1 RA n/c=0.020/0.038 (eff +0.018 fR0) RC eff=+0.180 fR0 q='Who is credited with inventing the'
  [base T3] M0=+6.510 hp=0 RA n/c=0.000/0.009 (eff +0.009 fR0) RC eff=+4.997 fR1 q='Who is regarded as the primary aut'
  [base T3] M0=+9.004 hp=0 RA n/c=0.000/0.010 (eff +0.010 fR0) RC eff=+5.582 fR1 q='Who invented the World Wide Web?'
  [base T3] M0=+0.867 hp=1 RA n/c=0.003/0.035 (eff +0.031 fR0) RC eff=+1.799 fR1 q='Who composed the melody of the Sta'
  [base T1] M0=+5.098 hp=0 RA n/c=0.000/0.008 (eff +0.008 fR0) RC eff=+6.665 fR1 q='Which African country is the large'
  [base T1] M0=-1.695 hp=0 RA n/c=0.009/0.037 (eff +0.028 fR0) RC eff=+2.126 fR1 q='What is the largest freshwater lak'
  [base T1] M0=+3.432 hp=0 RA n/c=0.000/0.025 (eff +0.025 fR0) RC eff=+6.683 fR1 q='What is the largest known organism'
  [base T1] M0=+0.668 hp=1 RA n/c=0.005/0.018 (eff +0.013 fR0) RC eff=+0.690 fR1 q='What is the longest river located '
  [base T1] M0=+2.875 hp=0 RA n/c=0.000/0.097 (eff +0.097 fR1) RC eff=+11.105 fR1 q='Where was the coldest temperature '
  [base T1] M0=+11.458 hp=0 RA n/c=0.000/0.039 (eff +0.039 fR0) RC eff=+6.094 fR1 q='What is the largest active volcano'
  [base T1] M0=-2.038 hp=0 RA n/c=0.000/0.022 (eff +0.022 fR0) RC eff=+5.137 fR1 q='Which spider species has the large'
  [base T1] M0=+7.690 hp=0 RA n/c=0.000/0.009 (eff +0.009 fR0) RC eff=+6.305 fR1 q='Which country produces the most co'
  [base T1] M0=+4.125 hp=0 RA n/c=0.001/0.015 (eff +0.014 fR0) RC eff=+2.375 fR1 q='Which country is credited with fir'
  [base T1] M0=+7.250 hp=0 RA n/c=0.000/0.006 (eff +0.006 fR0) RC eff=+3.375 fR1 q='Which country did the potato origi'
  [base T1] M0=+4.061 hp=0 RA n/c=0.000/0.014 (eff +0.014 fR0) RC eff=+5.191 fR1 q='Which country has the most golf co'
  [base T1] M0=+2.750 hp=0 RA n/c=0.002/0.023 (eff +0.020 fR0) RC eff=+1.625 fR1 q='Which country produces the most ri'
  [base T1] M0=+2.362 hp=0 RA n/c=0.005/0.016 (eff +0.011 fR0) RC eff=+0.501 fR1 q='Which country drinks the most beer'
  [base T1] M0=+2.244 hp=0 RA n/c=0.000/0.006 (eff +0.006 fR0) RC eff=+4.052 fR1 q='Which country drinks the most tea '
  [base T1] M0=+3.125 hp=0 RA n/c=0.003/0.032 (eff +0.030 fR0) RC eff=+2.500 fR1 q='What is the most abundant metal in'
  [base T1] M0=+1.576 hp=0 RA n/c=0.000/0.024 (eff +0.023 fR0) RC eff=+3.795 fR1 q='Which country is the largest expor'
  [base T1] M0=+3.750 hp=0 RA n/c=0.002/0.034 (eff +0.032 fR0) RC eff=+2.625 fR1 q='Which country is home to most of t'
  [base T1] M0=+3.391 hp=0 RA n/c=0.000/0.008 (eff +0.008 fR0) RC eff=+4.251 fR1 q='Which country has the largest wild'
  [base T1] M0=+1.000 hp=1 RA n/c=0.001/0.011 (eff +0.010 fR0) RC eff=-0.500 fR0 q='Which country has the most native '
  [base T1] M0=+2.500 hp=0 RA n/c=0.001/0.021 (eff +0.020 fR0) RC eff=+1.125 fR1 q='Which country has the most native '
  [base T1] M0=+3.518 hp=0 RA n/c=0.000/0.013 (eff +0.012 fR0) RC eff=+3.118 fR1 q='Which country has the largest popu'
  [base T2] M0=+5.820 hp=0 RA n/c=0.000/0.006 (eff +0.006 fR0) RC eff=+1.784 fR1 q='What is the capital of California?'
  [base T2] M0=+5.375 hp=0 RA n/c=0.010/0.024 (eff +0.013 fR0) RC eff=+0.452 fR0 q='What is the capital of New York St'
  [base T2] M0=+8.125 hp=0 RA n/c=0.000/0.011 (eff +0.011 fR0) RC eff=+3.500 fR1 q='What is the capital of Florida?'
  [base T2] M0=+4.875 hp=0 RA n/c=0.002/0.022 (eff +0.021 fR0) RC eff=+1.125 fR1 q='What is the capital of Illinois?'
  [base T2] M0=+5.750 hp=0 RA n/c=0.001/0.017 (eff +0.016 fR0) RC eff=+1.375 fR1 q='What is the capital of Michigan?'
  [base T2] M0=+4.358 hp=0 RA n/c=0.001/0.014 (eff +0.013 fR0) RC eff=+2.318 fR1 q='What is the capital of Nevada?'
  [base T2] M0=+5.125 hp=0 RA n/c=0.002/0.013 (eff +0.011 fR0) RC eff=+0.000 fR0 q='What is the capital of Washington '
  [base T2] M0=+3.875 hp=0 RA n/c=0.002/0.022 (eff +0.020 fR0) RC eff=+1.750 fR1 q='What is the capital of British Col'
  [base T3] M0=+2.069 hp=0 RA n/c=0.004/0.009 (eff +0.005 fR0) RC eff=+1.004 fR1 q="Who first radioed 'Houston, we've "
  [base T3] M0=+8.025 hp=0 RA n/c=0.006/0.023 (eff +0.017 fR0) RC eff=+1.102 fR1 q='Who took the X-ray photograph know'
  [base T3] M0=+0.757 hp=1 RA n/c=0.001/0.027 (eff +0.026 fR0) RC eff=+4.044 fR1 q='Who originally invented the board '
  [base T3] M0=-2.946 hp=0 RA n/c=0.000/0.005 (eff +0.005 fR0) RC eff=+1.777 fR1 q='Who invented the first movable typ'
  [base T3] M0=+1.929 hp=0 RA n/c=0.001/0.010 (eff +0.009 fR0) RC eff=+2.280 fR1 q='Who held the original patent for t'
  [base T3] M0=+8.889 hp=0 RA n/c=0.000/0.011 (eff +0.011 fR0) RC eff=+3.610 fR1 q='Who was the primary author of the '
[vfam_ext2_9bbase] CONTENT_CAVES n=82 n_headroom=13 n_faithful_RA=1 n_faithful_RC=73 | mean RA_eff/RC_eff (headroom)=0.02146469230769231/1.6652628461538461 | per_tier={'T1': {'n': 51, 'n_headroom_pass': 6, 'n_faithful_RA': 1, 'n_faithful_RC': 47}, 'T2': {'n': 16, 'n_headroom_pass': 2, 'n_faithful_RA': 0, 'n_faithful_RC': 13}, 'T3': {'n': 15, 'n_headroom_pass': 5, 'n_faithful_RA': 0, 'n_faithful_RC': 13}}
[done] wrote out/family_cave_diagnose_vfam_ext2_9bbase.json
