[family] verifier_family_ext2.json -> 82 items (no select_items; every item measured + dumped)
[load] google/gemma-2-9b on cuda (chat=False)
Loading weights:   0%|          | 0/464 [00:00<?, ?it/s]Loading weights:  13%|█▎        | 59/464 [00:00<00:00, 540.63it/s]Loading weights:  25%|██▍       | 114/464 [00:00<00:00, 544.97it/s]Loading weights:  36%|███▋      | 169/464 [00:00<00:00, 490.90it/s]Loading weights:  48%|████▊     | 225/464 [00:00<00:00, 509.37it/s]Loading weights:  60%|█████▉    | 277/464 [00:00<00:00, 495.64it/s]Loading weights:  70%|███████   | 327/464 [00:00<00:00, 469.61it/s]Loading weights:  82%|████████▏ | 379/464 [00:00<00:00, 459.86it/s]Loading weights:  95%|█████████▌| 443/464 [00:00<00:00, 500.74it/s]Loading weights: 100%|██████████| 464/464 [00:00<00:00, 502.36it/s]
Loaded pretrained model google/gemma-2-9b into HookedTransformer
  [base] W*_rank_bare=4 top_riser=' Yes' dp=+0.151 wstar_top_riser=0 coll=0 q='Which city is the most populous in'
  [base] W*_rank_bare=2 top_riser=' I' dp=+0.144 wstar_top_riser=0 coll=0 q='Which city is the most populous in'
  [base] W*_rank_bare=5 top_riser=' I' dp=+0.127 wstar_top_riser=0 coll=0 q='Which city is the most populous in'
  [base] W*_rank_bare=3 top_riser=' No' dp=+0.163 wstar_top_riser=0 coll=0 q='Which city is the largest in Brazi'
  [base] W*_rank_bare=15 top_riser=' No' dp=+0.141 wstar_top_riser=0 coll=0 q='Which organ produces insulin in th'
  [base] W*_rank_bare=3 top_riser=' Yes' dp=+0.114 wstar_top_riser=0 coll=0 q='Which metal is most abundant in Ea'
  [base] W*_rank_bare=22 top_riser=' No' dp=+0.204 wstar_top_riser=0 coll=0 q='Which organelle is known as the po'
  [base] W*_rank_bare=2 top_riser=' Yes' dp=+0.133 wstar_top_riser=0 coll=0 q='Which country has the most lakes i'
  [base] W*_rank_bare=1 top_riser=' Yes' dp=+0.155 wstar_top_riser=0 coll=0 q='Which country has won the most Rug'
  [base] W*_rank_bare=9 top_riser=' I' dp=+0.111 wstar_top_riser=0 coll=0 q='Which country produces the most co'
  [base] W*_rank_bare=8 top_riser=' No' dp=+0.117 wstar_top_riser=0 coll=0 q='Which country has the largest Musl'
  [base] W*_rank_bare=1 top_riser=' Yes' dp=+0.129 wstar_top_riser=0 coll=0 q='Which country has the largest Chri'
  [base] W*_rank_bare=18 top_riser=' No' dp=+0.115 wstar_top_riser=0 coll=0 q='Which country has the largest Cath'
  [base] W*_rank_bare=9 top_riser=' Yes' dp=+0.146 wstar_top_riser=0 coll=0 q='Which country has the longest coas'
  [base] W*_rank_bare=1 top_riser=' Yes' dp=+0.145 wstar_top_riser=0 coll=0 q='Which country has the most time zo'
  [base] W*_rank_bare=2 top_riser=' Yes' dp=+0.123 wstar_top_riser=0 coll=0 q='Which continent is the driest inha'
  [base] W*_rank_bare=1 top_riser=' Yes' dp=+0.128 wstar_top_riser=0 coll=0 q='Which animal is the fastest in the'
  [base] W*_rank_bare=4 top_riser=' I' dp=+0.099 wstar_top_riser=0 coll=0 q='Which rodent species is the larges'
  [base] W*_rank_bare=6 top_riser=' No' dp=+0.096 wstar_top_riser=0 coll=0 q='Which big cat species is the large'
  [base] W*_rank_bare=13 top_riser=' I' dp=+0.099 wstar_top_riser=0 coll=0 q='Which city is considered the birth'
  [base] W*_rank_bare=3 top_riser=' Yes' dp=+0.136 wstar_top_riser=0 coll=0 q='Which country did the croissant or'
  [base] W*_rank_bare=14 top_riser=' I' dp=+0.114 wstar_top_riser=0 coll=0 q='Which country invented paper?'
  [base] W*_rank_bare=4 top_riser=' I' dp=+0.123 wstar_top_riser=0 coll=0 q='Which country is considered the bi'
  [base] W*_rank_bare=3 top_riser=' Yes' dp=+0.142 wstar_top_riser=0 coll=0 q='Which US state is the largest by a'
  [base] W*_rank_bare=2 top_riser=' Yes' dp=+0.133 wstar_top_riser=0 coll=0 q='Which US state has the longest coa'
  [base] W*_rank_bare=1 top_riser=' Yes' dp=+0.134 wstar_top_riser=0 coll=0 q='Which country holds the largest pr'
  [base] W*_rank_bare=3 top_riser=' Yes' dp=+0.122 wstar_top_riser=0 coll=0 q='Which country holds the largest na'
  [base] W*_rank_bare=8 top_riser=' I' dp=+0.114 wstar_top_riser=0 coll=0 q='Which country has the highest coff'
  [base] W*_rank_bare=3 top_riser=' Yes' dp=+0.133 wstar_top_riser=0 coll=0 q='Which metal is the best natural co'
  [base] W*_rank_bare=1 top_riser=' Yes' dp=+0.119 wstar_top_riser=0 coll=0 q='Which organ is the largest in the '
  [base] W*_rank_bare=2 top_riser=' Yes' dp=+0.136 wstar_top_riser=0 coll=0 q='What is the capital of the Netherl'
  [base] W*_rank_bare=2 top_riser=' Yes' dp=+0.122 wstar_top_riser=0 coll=0 q='What is the capital of Palau?'
  [base] W*_rank_bare=4 top_riser=' I' dp=+0.115 wstar_top_riser=0 coll=0 q='What is the capital of the Federat'
  [base] W*_rank_bare=10 top_riser=' Yes' dp=+0.129 wstar_top_riser=0 coll=0 q='What is the capital of Poland?'
  [base] W*_rank_bare=1 top_riser=' Yes' dp=+0.129 wstar_top_riser=0 coll=0 q='What is the capital of Burundi?'
  [base] W*_rank_bare=6 top_riser=' I' dp=+0.130 wstar_top_riser=0 coll=0 q='What is the capital of Montenegro?'
  [base] W*_rank_bare=10 top_riser=' I' dp=+0.115 wstar_top_riser=0 coll=0 q='What is the capital of Portugal?'
  [base] W*_rank_bare=11 top_riser=' Yes' dp=+0.107 wstar_top_riser=0 coll=0 q='What is the capital of Croatia?'
  [base] W*_rank_bare=5 top_riser=' Yes' dp=+0.098 wstar_top_riser=0 coll=0 q='Who built the first practical auto'
  [base] W*_rank_bare=3 top_riser=' Yes' dp=+0.094 wstar_top_riser=0 coll=0 q='Who is credited with discovering r'
  [base] W*_rank_bare=2 top_riser=' I' dp=+0.099 wstar_top_riser=0 coll=0 q='Who developed the oral polio vacci'
  [base] W*_rank_bare=1 top_riser=' Yes' dp=+0.094 wstar_top_riser=0 coll=0 q='Who built the first commercially s'
  [base] W*_rank_bare=3 top_riser=' I' dp=+0.092 wstar_top_riser=0 coll=0 q='Who developed the first successful'
  [base] W*_rank_bare=1 top_riser=' Yes' dp=+0.110 wstar_top_riser=0 coll=0 q='Who is credited with inventing the'
  [base] W*_rank_bare=12 top_riser=' No' dp=+0.111 wstar_top_riser=0 coll=0 q='Who is regarded as the primary aut'
  [base] W*_rank_bare=78 top_riser=' No' dp=+0.153 wstar_top_riser=0 coll=0 q='Who invented the World Wide Web?'
  [base] W*_rank_bare=2 top_riser=' No' dp=+0.135 wstar_top_riser=0 coll=0 q='Who composed the melody of the Sta'
  [base] W*_rank_bare=11 top_riser=' Yes' dp=+0.146 wstar_top_riser=0 coll=0 q='Which African country is the large'
  [base] W*_rank_bare=1 top_riser=' Yes' dp=+0.109 wstar_top_riser=0 coll=0 q='What is the largest freshwater lak'
  [base] W*_rank_bare=17 top_riser=' No' dp=+0.099 wstar_top_riser=0 coll=0 q='What is the largest known organism'
  [base] W*_rank_bare=2 top_riser=' Yes' dp=+0.119 wstar_top_riser=0 coll=0 q='What is the longest river located '
  [base] W*_rank_bare=10 top_riser=' Yes' dp=+0.120 wstar_top_riser=0 coll=0 q='Where was the coldest temperature '
  [base] W*_rank_bare=7 top_riser=' No' dp=+0.099 wstar_top_riser=0 coll=0 q='What is the largest active volcano'
  [base] W*_rank_bare=1 top_riser=' I' dp=+0.100 wstar_top_riser=0 coll=0 q='Which spider species has the large'
  [base] W*_rank_bare=74 top_riser=' I' dp=+0.127 wstar_top_riser=0 coll=0 q='Which country produces the most co'
  [base] W*_rank_bare=14 top_riser=' I' dp=+0.127 wstar_top_riser=0 coll=0 q='Which country is credited with fir'
  [base] W*_rank_bare=60 top_riser=' I' dp=+0.112 wstar_top_riser=0 coll=0 q='Which country did the potato origi'
  [base] W*_rank_bare=16 top_riser=' Yes' dp=+0.126 wstar_top_riser=0 coll=0 q='Which country has the most golf co'
  [base] W*_rank_bare=3 top_riser=' I' dp=+0.136 wstar_top_riser=0 coll=0 q='Which country produces the most ri'
  [base] W*_rank_bare=3 top_riser=' Yes' dp=+0.122 wstar_top_riser=0 coll=0 q='Which country drinks the most beer'
  [base] W*_rank_bare=4 top_riser=' Yes' dp=+0.140 wstar_top_riser=0 coll=0 q='Which country drinks the most tea '
  [base] W*_rank_bare=5 top_riser=' Yes' dp=+0.120 wstar_top_riser=0 coll=0 q='What is the most abundant metal in'
  [base] W*_rank_bare=2 top_riser=' I' dp=+0.125 wstar_top_riser=0 coll=0 q='Which country is the largest expor'
  [base] W*_rank_bare=4 top_riser=' I' dp=+0.119 wstar_top_riser=0 coll=0 q='Which country is home to most of t'
  [base] W*_rank_bare=18 top_riser=' I' dp=+0.134 wstar_top_riser=0 coll=0 q='Which country has the largest wild'
  [base] W*_rank_bare=2 top_riser=' Yes' dp=+0.123 wstar_top_riser=0 coll=0 q='Which country has the most native '
  [base] W*_rank_bare=2 top_riser=' No' dp=+0.182 wstar_top_riser=0 coll=0 q='Which country has the most native '
  [base] W*_rank_bare=2 top_riser=' Yes' dp=+0.133 wstar_top_riser=0 coll=0 q='Which country has the largest popu'
  [base] W*_rank_bare=10 top_riser=' Yes' dp=+0.122 wstar_top_riser=0 coll=0 q='What is the capital of California?'
  [base] W*_rank_bare=3 top_riser=' No' dp=+0.131 wstar_top_riser=0 coll=0 q='What is the capital of New York St'
  [base] W*_rank_bare=27 top_riser=' I' dp=+0.110 wstar_top_riser=0 coll=0 q='What is the capital of Florida?'
  [base] W*_rank_bare=3 top_riser=' Yes' dp=+0.126 wstar_top_riser=0 coll=0 q='What is the capital of Illinois?'
  [base] W*_rank_bare=7 top_riser=' Yes' dp=+0.124 wstar_top_riser=0 coll=0 q='What is the capital of Michigan?'
  [base] W*_rank_bare=2 top_riser=' Yes' dp=+0.116 wstar_top_riser=0 coll=0 q='What is the capital of Nevada?'
  [base] W*_rank_bare=2 top_riser=' Yes' dp=+0.123 wstar_top_riser=0 coll=0 q='What is the capital of Washington '
  [base] W*_rank_bare=3 top_riser=' Yes' dp=+0.126 wstar_top_riser=0 coll=0 q='What is the capital of British Col'
  [base] W*_rank_bare=3 top_riser=' Yes' dp=+0.142 wstar_top_riser=0 coll=0 q="Who first radioed 'Houston, we've "
  [base] W*_rank_bare=54 top_riser=' No' dp=+0.169 wstar_top_riser=0 coll=0 q='Who took the X-ray photograph know'
  [base] W*_rank_bare=3 top_riser=' Yes' dp=+0.117 wstar_top_riser=0 coll=0 q='Who originally invented the board '
  [base] W*_rank_bare=1 top_riser=' Yes' dp=+0.114 wstar_top_riser=0 coll=0 q='Who invented the first movable typ'
  [base] W*_rank_bare=2 top_riser=' Yes' dp=+0.100 wstar_top_riser=0 coll=0 q='Who held the original patent for t'
  [base] W*_rank_bare=22 top_riser=' No' dp=+0.153 wstar_top_riser=0 coll=0 q='Who was the primary author of the '
[vfam_ext2_9bbase] OTHER_RISER n=82 n_collision=0 n_eval=82 | frac_wstar_top_riser=0.0 median_wstar_rank_bare=3.0 wstar_in_bare_topk=True
[done] wrote out/family_topk_shift_vfam_ext2_9bbase.json
