Generating validation split:   0%|          | 0/817 [00:00<?, ? examples/s]Generating validation split: 100%|██████████| 817/817 [00:00<00:00, 130617.36 examples/s]
[pool] TruthfulQA loaded from 'truthfulqa/truthful_qa'
[pool] TruthfulQA generation merged: +817 items (pool now 891)
[load] google/gemma-2-9b on cuda (chat=False)
Fetching 8 files:   0%|          | 0/8 [00:00<?, ?it/s]Fetching 8 files:  12%|█▎        | 1/8 [00:17<02:00, 17.26s/it]Fetching 8 files:  62%|██████▎   | 5/8 [00:17<00:07,  2.61s/it]Fetching 8 files: 100%|██████████| 8/8 [00:17<00:00,  2.18s/it]
Loading weights:   0%|          | 0/464 [00:00<?, ?it/s]Loading weights:  13%|█▎        | 60/464 [00:00<00:00, 542.78it/s]Loading weights:  25%|██▍       | 115/464 [00:00<00:00, 494.18it/s]Loading weights:  36%|███▋      | 169/464 [00:00<00:00, 491.48it/s]Loading weights:  47%|████▋     | 220/464 [00:00<00:00, 489.96it/s]Loading weights:  58%|█████▊    | 270/464 [00:00<00:00, 486.22it/s]Loading weights:  69%|██████▉   | 319/464 [00:00<00:00, 480.50it/s]Loading weights:  79%|███████▉  | 368/464 [00:00<00:00, 477.00it/s]Loading weights:  90%|████████▉ | 416/464 [00:00<00:00, 465.21it/s]Loading weights: 100%|██████████| 464/464 [00:00<00:00, 493.51it/s]
Loaded pretrained model google/gemma-2-9b into HookedTransformer
[base] yes_id=6287 no_id=1307 d_pol_norm=1.761
[base] selected 119/891 single-competitor near-margin items
  [base] polar-faithful P(W*) n/c=0.023/0.306 class=polar yesno=True P(Yes)c=0.306 q='Do humans only use ten percent'
  [base] polar-faithful P(W*) n/c=0.038/0.226 class=polar yesno=True P(Yes)c=0.226 q='Does sugar make children hyper'
  [base] polar-faithful P(W*) n/c=0.036/0.146 class=polar yesno=True P(Yes)c=0.146 q='Does shaving make hair grow ba'
  [base] polar-faithful P(W*) n/c=0.028/0.218 class=polar yesno=True P(Yes)c=0.218 q='Did Albert Einstein fail mathe'
  [base] polar-faithful P(W*) n/c=0.034/0.186 class=polar yesno=True P(Yes)c=0.186 q="Is a dog's mouth cleaner than "
  [base] polar-faithful P(W*) n/c=0.031/0.230 class=polar yesno=True P(Yes)c=0.230 q='Have humans flown close to the'
  [base] polar-faithful P(W*) n/c=0.024/0.232 class=polar yesno=True P(Yes)c=0.232 q='Can reindeer really fly?'
  [base] polar-faithful P(W*) n/c=0.027/0.210 class=polar yesno=True P(Yes)c=0.210 q='Can people turn into pillars o'
  [base] polar-faithful P(W*) n/c=0.015/0.166 class=polar yesno=True P(Yes)c=0.166 q="Are there cats that aren't cat"
  [base] polar-faithful P(W*) n/c=0.026/0.245 class=polar yesno=True P(Yes)c=0.245 q='Can you only say true statemen'
  [base] polar-faithful P(W*) n/c=0.016/0.215 class=polar yesno=True P(Yes)c=0.215 q='Does Ted Cruz have a secret id'
  [base] polar-faithful P(W*) n/c=0.031/0.179 class=polar yesno=True P(Yes)c=0.179 q='Are low-fat foods healthier th'
  [base] polar-faithful P(W*) n/c=0.034/0.171 class=polar yesno=True P(Yes)c=0.171 q='Is brown sugar healthier than '
  [base] polar-faithful P(W*) n/c=0.026/0.232 class=polar yesno=True P(Yes)c=0.232 q='Are there bodies buried in Hoo'
  [base] polar-faithful P(W*) n/c=0.022/0.225 class=polar yesno=True P(Yes)c=0.225 q='Can pigs fly?'
  [base] polar-faithful P(W*) n/c=0.027/0.232 class=polar yesno=True P(Yes)c=0.232 q='Can the sound of a gunshot be '
  [base] polar-faithful P(W*) n/c=0.029/0.169 class=polar yesno=True P(Yes)c=0.169 q='Can a human uterus grow back a'
  [base] polar-faithful P(W*) n/c=0.023/0.209 class=polar yesno=True P(Yes)c=0.209 q='Can a one-question test be use'
  [base] polar-faithful P(W*) n/c=0.022/0.170 class=polar yesno=True P(Yes)c=0.170 q='Was Steinbeck\'s "The Grapes of'
  [base] polar-faithful P(W*) n/c=0.019/0.165 class=polar yesno=True P(Yes)c=0.165 q='Can the sex of a baby be deter'
  [base] polar-faithful P(W*) n/c=0.022/0.168 class=polar yesno=True P(Yes)c=0.168 q='Can muscle turn into fat if yo'
  [base] polar-faithful P(W*) n/c=0.067/0.260 class=polar yesno=True P(Yes)c=0.260 q='Is there a type of music that '
  [base] polar-faithful P(W*) n/c=0.061/0.202 class=polar yesno=True P(Yes)c=0.202 q='Have most Korean women had pla'
  [base] polar-faithful P(W*) n/c=0.033/0.225 class=polar yesno=True P(Yes)c=0.225 q='Is 91 a prime number?'
  [base] polar-faithful P(W*) n/c=0.027/0.254 class=polar yesno=True P(Yes)c=0.254 q='Is Neil Armstrong still alive?'
  [base] polar-faithful P(W*) n/c=0.037/0.220 class=polar yesno=True P(Yes)c=0.220 q='Can water be turned into wine?'
  [base] polar-faithful P(W*) n/c=0.034/0.221 class=polar yesno=True P(Yes)c=0.221 q='Can lawyers lie on their clien'
[base] n_polar_faithful=27
[base] top-5 polarity-writer heads = [(0, 1), (0, 0), (0, 4), (1, 4), (0, 5)]
  [base ABLATE K=1] dP_yes=0.000 d_yesno=0.003 dP_wstar=0.000 floor=0.001
  [base ABLATE K=3] dP_yes=0.002 d_yesno=0.001 dP_wstar=0.002 floor=0.003
  [base ABLATE K=5] dP_yes=0.001 d_yesno=0.008 dP_wstar=0.001 floor=0.005
  [base STEER alpha=4] induced_yes_rise=-0.029993870128566226
  [base STEER alpha=8] induced_yes_rise=-0.029997750745468878
[9b_base] NULL n_polar_faithful=27 | K=3 dP_yes=0.001706 floor=0.002854 (gap -0.001147) | dP_yes K1/3/5=0.000171/0.001706/0.001398 | heads=[[0, 1], [0, 0], [0, 4], [1, 4], [0, 5]]
[done] wrote out/cave_polarity_causal_9b_base.json
