[load] HookedTransformer gemma-2-2b
Loading checkpoint shards:   0%|          | 0/3 [00:00<?, ?it/s]Loading checkpoint shards:  33%|███▎      | 1/3 [05:52<11:44, 352.49s/it]Loading checkpoint shards:  67%|██████▋   | 2/3 [11:28<05:42, 342.79s/it]Loading checkpoint shards: 100%|██████████| 3/3 [12:00<00:00, 200.94s/it]Loading checkpoint shards: 100%|██████████| 3/3 [12:00<00:00, 240.21s/it]
Loaded pretrained model google/gemma-2-2b into HookedTransformer
[load] done
[dist] Australia    short eff=+10.00 long(+8 filler) eff=+5.50
[dist] Texas        short eff=+6.62 long(+8 filler) eff=+2.12
[dist] Canada       short eff=+5.88 long(+8 filler) eff=+2.62
[dist] Switzerland  short eff=+6.88 long(+8 filler) eff=+5.62
[dist] Morocco      short eff=+2.88 long(+8 filler) eff=+1.25
[mech] Australia    bare: effect=+10.00 knockout_nec=+1.08
[mech] Australia      qa: effect=+0.50 knockout_nec=n/a
[mech] Texas        bare: effect=+6.62 knockout_nec=+1.17
[mech] Texas          qa: effect=+1.00 knockout_nec=+0.38
[mech] Canada       bare: effect=+5.88 knockout_nec=+1.11
[mech] Canada         qa: effect=+0.06 knockout_nec=n/a
[mech] Switzerland  bare: effect=+6.88 knockout_nec=+1.04
[mech] Switzerland    qa: effect=+1.12 knockout_nec=+1.11
[mech] Morocco      bare: effect=+2.88 knockout_nec=+1.13
[mech] Morocco        qa: effect=+0.12 knockout_nec=n/a

[dist] mean effect: short=6.45  long=3.42
[mech] mean effect: bare=6.45  qa=0.56
[mech] mean QA knockout necessity=0.74 (n=2)
[done] wrote out/base_attn_qa.json
