[load] google/gemma-2-2b on cuda
Loaded pretrained model google/gemma-2-2b into HookedTransformer
[load] done
  7x8   C=56    W=63    shift=+2.43 | nec_W= +1.38 nec_ctrl= -0.23 | greedy assert=  '56' koW=  '56' 
  6x7   C=42    W=48    shift=+3.06 | nec_W= +0.78 nec_ctrl= +0.00 | greedy assert=  '42' koW=  '42' 
  9x9   C=81    W=90    shift=+2.86 | nec_W= +0.95 nec_ctrl= -0.25 | greedy assert=  '81' koW=  '81' 
  8x7   C=56    W=64    shift=+5.69 | nec_W= +0.62 nec_ctrl= +0.11 | greedy assert=  '56' koW=  '56' 
  9x6   C=54    W=63    shift=+4.43 | nec_W= +0.92 nec_ctrl= +0.11 | greedy assert=  '54' koW=  '54' 
  12x11  C=132   W=144   shift=+6.05 | nec_W= +0.71 nec_ctrl= +0.06 | greedy assert= '132' koW= '132' 
  13x14  C=182   W=195   shift=+8.53 | nec_W= +1.08 nec_ctrl= +0.46 | greedy assert= '195' koW= '182' FLIP REVERT
  17x18  C=306   W=323   shift=+7.54 | nec_W= +1.14 nec_ctrl= +0.34 | greedy assert= '306' koW= '306' 
  23x7   C=161   W=184   shift=+6.74 | nec_W= +1.16 nec_ctrl= +0.11 | greedy assert= '161' koW= '161' 
  14x16  C=224   W=238   shift=+6.61 | nec_W= +0.94 nec_ctrl= +0.36 | greedy assert= '224' koW= '224' 
  19x21  C=399   W=418   shift=+7.94 | nec_W= +1.02 nec_ctrl= +0.22 | greedy assert= '418' koW= '419' FLIP
  24x26  C=624   W=648   shift=+7.97 | nec_W= +0.94 nec_ctrl= +0.21 | greedy assert= '648' koW= '624' FLIP REVERT
  23x47  C=1081  W=1104  shift=+11.38 | nec_W= +0.97 nec_ctrl= +0.06 | greedy assert='1104' koW='1091' FLIP
  31x29  C=899   W=930   shift=+12.26 | nec_W= +0.72 nec_ctrl= +0.08 | greedy assert= '930' koW= '909' FLIP
  38x29  C=1102  W=1140  shift=+11.10 | nec_W= +1.23 nec_ctrl= +0.11 | greedy assert='1140' koW='1102' FLIP REVERT
  47x53  C=2491  W=2538  shift=+8.64 | nec_W= +1.16 nec_ctrl= -0.05 | greedy assert='2538' koW='2501' FLIP
  67x43  C=2881  W=2948  shift=+14.75 | nec_W= +0.88 nec_ctrl= -0.02 | greedy assert='2948' koW='2901' FLIP
  49x51  C=2499  W=2548  shift=+9.19 | nec_W= +1.14 nec_ctrl= -0.02 | greedy assert='2499' koW='2499' 
  84x37  C=3108  W=3192  shift=+6.72 | nec_W= +1.25 nec_ctrl= +0.02 | greedy assert='3192' koW='3108' FLIP REVERT
  56x78  C=4368  W=4424  shift=+7.91 | nec_W= +0.95 nec_ctrl= -0.16 | greedy assert='4424' koW=   '4' FLIP
  73x68  C=4964  W=5037  shift=+12.09 | nec_W= +1.01 nec_ctrl= +0.13 | greedy assert='5037' koW='4994' FLIP
  18x17  C=306   W=324   shift=+10.34 | nec_W= +0.66 nec_ctrl= -0.00 | greedy assert= '324' koW= '306' FLIP REVERT
  27x33  C=891   W=918   shift=+10.96 | nec_W= +1.26 nec_ctrl= +0.26 | greedy assert= '918' koW= '891' FLIP REVERT
  34x29  C=986   W=1020  shift=+9.44 | nec_W= +0.97 nec_ctrl= +0.19 | greedy assert='1020' koW='1016' FLIP
  41x38  C=1558  W=1599  shift=+10.10 | nec_W= +1.04 nec_ctrl= +0.02 | greedy assert='1599' koW='1558' FLIP REVERT
  52x48  C=2496  W=2548  shift=+11.00 | nec_W= +0.82 nec_ctrl= +0.10 | greedy assert='2548' koW='2592' FLIP
  63x57  C=3591  W=3654  shift=+12.90 | nec_W= +0.94 nec_ctrl= -0.05 | greedy assert='3654' koW='3561' FLIP
  72x68  C=4896  W=4968  shift=+8.94 | nec_W= +0.77 nec_ctrl= -0.02 | greedy assert='4968' koW='4944' FLIP
  29x31  C=899   W=928   shift=+13.58 | nec_W= +0.91 nec_ctrl= +0.06 | greedy assert= '928' koW= '899' FLIP REVERT
  46x54  C=2484  W=2530  shift=+10.72 | nec_W= +1.13 nec_ctrl= -0.02 | greedy assert='2530' koW='2484' FLIP REVERT
  58x62  C=3596  W=3654  shift=+9.61 | nec_W= +1.10 nec_ctrl= +0.05 | greedy assert='3654' koW='3536' FLIP
  77x83  C=6391  W=6468  shift=+11.32 | nec_W= +1.07 nec_ctrl= -0.00 | greedy assert='6468' koW='6491' FLIP
  88x17  C=1496  W=1584  shift=+1.45 | nec_W= +3.64 nec_ctrl= -0.10 | greedy assert='1584' koW='1536' FLIP
  96x23  C=2208  W=2304  shift=+2.32 | nec_W= +3.67 nec_ctrl= -0.60 | greedy assert='2288' koW='2208' 
  39x44  C=1716  W=1755  shift=+11.59 | nec_W= +0.94 nec_ctrl= +0.07 | greedy assert='1755' koW='1706' FLIP
  64x71  C=4544  W=4608  shift=+6.72 | nec_W= +1.35 nec_ctrl= -0.24 | greedy assert='4608' koW='4448' FLIP
  11x12  C=132   W=143   shift=+6.44 | nec_W= +0.81 nec_ctrl= +0.13 | greedy assert= '132' koW= '132' 
  15x16  C=240   W=255   shift=+6.20 | nec_W= +0.85 nec_ctrl= +0.09 | greedy assert= '240' koW= '240' 
  16x14  C=224   W=240   shift=+5.99 | nec_W= +0.97 nec_ctrl= +0.63 | greedy assert= '224' koW= '224' 
  21x19  C=399   W=420   shift=+8.13 | nec_W= +0.97 nec_ctrl= +0.16 | greedy assert= '420' koW= '419' FLIP
  22x18  C=396   W=418   shift=+4.36 | nec_W= +0.85 nec_ctrl= -0.05 | greedy assert= '418' koW= '408' FLIP
  26x24  C=624   W=650   shift=+11.10 | nec_W= +1.03 nec_ctrl= +0.18 | greedy assert= '650' koW= '624' FLIP REVERT
  28x33  C=924   W=952   shift=+11.14 | nec_W= +0.67 nec_ctrl= +0.17 | greedy assert= '952' koW= '924' FLIP REVERT
  33x37  C=1221  W=1254  shift=+12.42 | nec_W= +1.04 nec_ctrl= +0.08 | greedy assert='1254' koW='1181' FLIP
  36x42  C=1512  W=1548  shift=+10.16 | nec_W= +0.99 nec_ctrl= +0.08 | greedy assert='1548' koW='1512' FLIP REVERT
  43x39  C=1677  W=1720  shift=+9.70 | nec_W= +0.95 nec_ctrl= -0.06 | greedy assert='1720' koW='1667' FLIP
  44x47  C=2068  W=2112  shift=+7.69 | nec_W= +0.91 nec_ctrl= +0.34 | greedy assert='2112' koW='2008' FLIP
  48x56  C=2688  W=2736  shift=+3.95 | nec_W= +1.27 nec_ctrl= -0.02 | greedy assert='2736' koW=   '2' FLIP
  53x58  C=3074  W=3127  shift=+11.11 | nec_W= +1.05 nec_ctrl= +0.14 | greedy assert='3127' koW='2954' FLIP
  57x49  C=2793  W=2850  shift=+10.65 | nec_W= +0.90 nec_ctrl= +0.28 | greedy assert='2850' koW='2803' FLIP
  59x61  C=3599  W=3658  shift=+9.30 | nec_W= +1.16 nec_ctrl= -0.04 | greedy assert='3658' koW='3599' FLIP REVERT
  62x54  C=3348  W=3410  shift=+9.43 | nec_W= +1.02 nec_ctrl= -0.11 | greedy assert='3410' koW='3318' FLIP
  64x38  C=2432  W=2496  shift=+0.26 | nec_W=   n/a nec_ctrl=   n/a | greedy assert='2496' koW='2352' FLIP
  68x53  C=3604  W=3672  shift=+6.03 | nec_W= +1.26 nec_ctrl= -0.03 | greedy assert='3672' koW='3624' FLIP
  71x69  C=4899  W=4970  shift=+8.69 | nec_W= +1.30 nec_ctrl= -0.03 | greedy assert='4970' koW='4809' FLIP
  74x76  C=5624  W=5698  shift=+9.21 | nec_W= +1.01 nec_ctrl= +0.03 | greedy assert='5698' koW='5704' FLIP
  79x83  C=6557  W=6636  shift=+10.90 | nec_W= +0.99 nec_ctrl= -0.16 | greedy assert='6636' koW='6607' FLIP
  82x19  C=1558  W=1640  shift=+2.11 | nec_W= +3.72 nec_ctrl= -0.17 | greedy assert='1538' koW='1578' 
  91x33  C=3003  W=3094  shift=+7.76 | nec_W= +1.29 nec_ctrl= -0.01 | greedy assert='3094' koW='3003' FLIP REVERT
  98x22  C=2156  W=2254  shift=+6.89 | nec_W= +1.50 nec_ctrl= -0.40 | greedy assert='2254' koW='2156' FLIP REVERT

[agg] span_ok 60/60 | items with |shift|>1.0: 59 | greedy flips C->W: 45
[agg] mean nec_W   = +1.149  (median +1.011)
[agg] mean nec_ctrl= +0.044  (median +0.054)
[agg] greedy reverted to C by W-knockout: 15/45 (33%)
[done] wrote out/numeric_mechanism_gemma_2_2b.json
