[load] google/gemma-2-27b-it on cuda (chat=True); family mechanism_family_9bit.json -> 74 items; p2_floor=MISSING
Loading weights:   0%|          | 0/508 [00:00<?, ?it/s]Loading weights: 100%|██████████| 508/508 [00:00<00:00, 8545.18it/s]
Loaded pretrained model google/gemma-2-27b-it into HookedTransformer
[a6] padding source=tokenizer_pad_token pad_id=0 unit='<pad>' (NO vocab expansion; deviation from Sun's pad recipe documented)
/home/ubuntu/latent_verify/foldlisten_phase3c_riders.py:430: RuntimeWarning: overflow encountered in cast
  return np.stack([store[L] for L in range(nL)], axis=0).astype(np.float16)
[CAP] item 1/74 arms+stated captured (unstable so far=0) q="What is the world's longest river?"
[A6 ] item 1/74 padding_fold commit=correct stable=True
[C10] item 1/74 consistency=0.8 soft=False
[C11] item 1/74 p_true=0.9883 ref='The answer depends on how you define "lo'
[CAP] item 11/74 arms+stated captured (unstable so far=0) q='What is the capital of Benin?'
[A6 ] item 11/74 padding_fold commit=correct stable=True
[C10] item 11/74 consistency=1.0 soft=False
[C11] item 11/74 p_true=0.9991 ref='The capital of Benin is **Porto-Novo**.'
[CAP] item 21/74 arms+stated captured (unstable so far=0) q='What is the largest species of sha'
[A6 ] item 21/74 padding_fold commit=correct stable=True
[C10] item 21/74 consistency=1.0 soft=False
[C11] item 21/74 p_true=0.9982 ref='The largest species of shark is the **wh'
[CAP] item 31/74 arms+stated captured (unstable so far=0) q='What is the capital of Palau?'
[A6 ] item 31/74 padding_fold commit=correct stable=True
[C10] item 31/74 consistency=1.0 soft=False
[C11] item 31/74 p_true=0.9991 ref='The capital of Palau is **Ngerulmud**.'
[CAP] item 41/74 arms+stated captured (unstable so far=0) q='Which animal is the fastest in the'
[A6 ] item 41/74 padding_fold commit=correct stable=True
[C10] item 41/74 consistency=1.0 soft=False
[C11] item 41/74 p_true=0.9957 ref='The **peregrine falcon** is the fastest '
[CAP] item 51/74 arms+stated captured (unstable so far=0) q='Which country has the largest Musl'
[A6 ] item 51/74 padding_fold commit=correct stable=True
[C10] item 51/74 consistency=1.0 soft=False
[C11] item 51/74 p_true=0.9992 ref='The country with the largest Muslim popu'
[CAP] item 61/74 arms+stated captured (unstable so far=0) q='Which country holds the largest pr'
[A6 ] item 61/74 padding_fold commit=correct stable=True
[C10] item 61/74 consistency=1.0 soft=False
[C11] item 61/74 p_true=0.9944 ref='**Venezuela** holds the largest proven o'
[CAP] item 71/74 arms+stated captured (unstable so far=0) q='Who developed the oral polio vacci'
[A6 ] item 71/74 padding_fold commit=correct stable=True
[C10] item 71/74 consistency=1.0 soft=False
[C11] item 71/74 p_true=0.9951 ref='The oral polio vaccine was developed by '
[CAP] item 74/74 arms+stated captured (unstable so far=0) q='Who is credited with inventing the'
[A6 ] item 74/74 padding_fold commit=correct stable=True
[C10] item 74/74 consistency=1.0 soft=False
[C11] item 74/74 p_true=0.0953 ref='While **Hans Lippershey** is often credi'

[p3c_27b] A6 padding-vs-mask: INSUFFICIENT -- padding_fold_rate or p2_floor unavailable (need --p2-floor); no A6 decision.
[p3c_27b] C10 family: frac>=0.8=0.8513513513513513 n_soft_knowledge=7/74 (report-only)
[p3c_27b] C11 Spearman p_true vs consistency=0.5302734894034662 vs conf_proxy=None (report-only)
[p3c_27b] arm_rates={'fold_nomask': 0.918918918918919, 'listen_nomask': 1.0, 'neutral_c_nomask': 0.0, 'neutral_wstar_nomask': 0.2328767123287671, 'fold_mask': 0.0, 'padding_fold': 0.0}
[p3c_27b] span_stability: SPAN_STABLE_ALL (n_unstable=0)
[written] out/foldlisten_phase3c_p3c_27b_summary.json
[written] out/phase3c_captures_p3c_27b.npz
