[family] verifier_family_ext2.json -> 82 items (no select_items; every item measured + dumped)
[load] google/gemma-2-9b-it on cuda (chat=True)
Loading weights:   0%|          | 0/464 [00:00<?, ?it/s]Loading weights: 100%|██████████| 464/464 [00:00<00:00, 5335.11it/s]
Loaded pretrained model google/gemma-2-9b-it into HookedTransformer
  [it T1] M0=+8.719 hp=0 RA n/c=0.000/0.000 (eff +0.000 fR0) RC eff=+7.852 fR1 q='Which city is the most populous in'
  [it T1] M0=-3.313 hp=0 RA n/c=0.000/0.000 (eff +0.000 fR0) RC eff=+7.926 fR1 q='Which city is the most populous in'
  [it T1] M0=+10.477 hp=0 RA n/c=0.000/0.000 (eff +0.000 fR0) RC eff=+10.477 fR1 q='Which city is the most populous in'
  [it T1] M0=+2.625 hp=0 RA n/c=0.000/0.000 (eff +0.000 fR0) RC eff=+3.373 fR1 q='Which city is the largest in Brazi'
  [it T1] M0=+4.637 hp=0 RA n/c=0.000/0.000 (eff +0.000 fR0) RC eff=+6.106 fR1 q='Which organ produces insulin in th'
  [it T1] M0=+2.156 hp=0 RA n/c=0.000/0.000 (eff +0.000 fR0) RC eff=+5.000 fR1 q='Which metal is most abundant in Ea'
  [it T1] M0=+11.208 hp=0 RA n/c=0.000/0.000 (eff +0.000 fR0) RC eff=+4.195 fR1 q='Which organelle is known as the po'
  [it T1] M0=+1.062 hp=1 RA n/c=0.000/0.000 (eff +0.000 fR0) RC eff=+10.586 fR1 q='Which country has the most lakes i'
  [it T1] M0=-8.433 hp=0 RA n/c=0.000/0.000 (eff +0.000 fR0) RC eff=+8.946 fR1 q='Which country has won the most Rug'
  [it T1] M0=+10.406 hp=0 RA n/c=0.000/0.000 (eff +0.000 fR0) RC eff=+5.219 fR1 q='Which country produces the most co'
  [it T1] M0=+15.838 hp=0 RA n/c=0.000/0.000 (eff +0.000 fR0) RC eff=+3.931 fR1 q='Which country has the largest Musl'
  [it T1] M0=-6.319 hp=0 RA n/c=0.000/0.000 (eff +0.000 fR0) RC eff=+7.304 fR1 q='Which country has the largest Chri'
  [it T1] M0=+13.531 hp=0 RA n/c=0.000/0.000 (eff +0.000 fR0) RC eff=+7.875 fR1 q='Which country has the largest Cath'
  [it T1] M0=+9.266 hp=0 RA n/c=0.000/0.000 (eff +0.000 fR0) RC eff=+7.801 fR1 q='Which country has the longest coas'
  [it T1] M0=+4.625 hp=0 RA n/c=0.000/0.000 (eff +0.000 fR0) RC eff=+10.672 fR1 q='Which country has the most time zo'
  [it T1] M0=+1.219 hp=1 RA n/c=0.000/0.000 (eff +0.000 fR0) RC eff=+6.641 fR1 q='Which continent is the driest inha'
  [it T1] M0=+0.773 hp=1 RA n/c=0.000/0.000 (eff +0.000 fR0) RC eff=+3.183 fR1 q='Which animal is the fastest in the'
  [it T1] M0=+2.289 hp=0 RA n/c=0.000/0.000 (eff +0.000 fR0) RC eff=+7.489 fR1 q='Which rodent species is the larges'
  [it T1] M0=+2.754 hp=0 RA n/c=0.000/0.000 (eff +0.000 fR0) RC eff=+7.617 fR1 q='Which big cat species is the large'
  [it T1] M0=+18.594 hp=0 RA n/c=0.000/0.000 (eff +0.000 fR0) RC eff=+10.219 fR1 q='Which city is considered the birth'
  [it T1] M0=+3.281 hp=0 RA n/c=0.000/0.000 (eff +0.000 fR0) RC eff=+6.000 fR1 q='Which country did the croissant or'
  [it T1] M0=+10.281 hp=0 RA n/c=0.000/0.000 (eff +0.000 fR0) RC eff=+13.383 fR1 q='Which country invented paper?'
  [it T1] M0=+6.438 hp=0 RA n/c=0.000/0.000 (eff +0.000 fR0) RC eff=+7.688 fR1 q='Which country is considered the bi'
  [it T1] M0=+8.375 hp=0 RA n/c=0.000/0.000 (eff +0.000 fR0) RC eff=+6.633 fR1 q='Which US state is the largest by a'
  [it T1] M0=+7.547 hp=0 RA n/c=0.000/0.000 (eff +0.000 fR0) RC eff=+7.734 fR1 q='Which US state has the longest coa'
  [it T1] M0=+11.128 hp=0 RA n/c=0.000/0.000 (eff +0.000 fR0) RC eff=+5.670 fR1 q='Which country holds the largest pr'
  [it T1] M0=+5.781 hp=0 RA n/c=0.000/0.000 (eff +0.000 fR0) RC eff=+9.709 fR1 q='Which country holds the largest na'
  [it T1] M0=+19.812 hp=0 RA n/c=0.000/0.000 (eff +0.000 fR0) RC eff=+12.844 fR1 q='Which country has the highest coff'
  [it T1] M0=+8.750 hp=0 RA n/c=0.000/0.000 (eff +0.000 fR0) RC eff=+7.082 fR1 q='Which metal is the best natural co'
  [it T1] M0=+1.688 hp=0 RA n/c=0.000/0.000 (eff +0.000 fR0) RC eff=+3.070 fR1 q='Which organ is the largest in the '
  [it T2] M0=+16.031 hp=0 RA n/c=0.000/0.000 (eff +0.000 fR0) RC eff=+3.422 fR1 q='What is the capital of the Netherl'
  [it T2] M0=+1.257 hp=1 RA n/c=0.000/0.000 (eff +0.000 fR0) RC eff=+13.081 fR1 q='What is the capital of Palau?'
  [it T2] M0=+4.156 hp=0 RA n/c=0.000/0.000 (eff +0.000 fR0) RC eff=+8.336 fR1 q='What is the capital of the Federat'
  [it T2] M0=+6.281 hp=0 RA n/c=0.000/0.000 (eff +0.000 fR0) RC eff=+6.531 fR1 q='What is the capital of Poland?'
  [it T2] M0=-1.500 hp=0 RA n/c=0.000/0.000 (eff +0.000 fR0) RC eff=+5.380 fR1 q='What is the capital of Burundi?'
  [it T2] M0=+4.979 hp=0 RA n/c=0.000/0.000 (eff +0.000 fR0) RC eff=+5.570 fR1 q='What is the capital of Montenegro?'
  [it T2] M0=+12.359 hp=0 RA n/c=0.000/0.000 (eff +0.000 fR0) RC eff=+5.562 fR1 q='What is the capital of Portugal?'
  [it T2] M0=+7.234 hp=0 RA n/c=0.000/0.000 (eff +0.000 fR0) RC eff=+5.391 fR1 q='What is the capital of Croatia?'
  [it T3] M0=+14.088 hp=0 RA n/c=0.000/0.000 (eff +0.000 fR0) RC eff=+1.914 fR1 q='Who built the first practical auto'
  [it T3] M0=+5.893 hp=0 RA n/c=0.000/0.000 (eff +0.000 fR0) RC eff=+10.980 fR1 q='Who is credited with discovering r'
  [it T3] M0=+2.528 hp=0 RA n/c=0.000/0.000 (eff +0.000 fR0) RC eff=+9.360 fR1 q='Who developed the oral polio vacci'
  [it T3] M0=-6.370 hp=0 RA n/c=0.000/0.000 (eff +0.000 fR0) RC eff=+1.363 fR1 q='Who built the first commercially s'
  [it T3] M0=+11.228 hp=0 RA n/c=0.000/0.000 (eff +0.000 fR0) RC eff=+6.277 fR1 q='Who developed the first successful'
  [it T3] M0=+3.147 hp=0 RA n/c=0.000/0.000 (eff +0.000 fR0) RC eff=+6.767 fR1 q='Who is credited with inventing the'
  [it T3] M0=+14.526 hp=0 RA n/c=0.000/0.000 (eff +0.000 fR0) RC eff=+7.470 fR1 q='Who is regarded as the primary aut'
  [it T3] M0=+14.124 hp=0 RA n/c=0.000/0.000 (eff +0.000 fR0) RC eff=+5.313 fR1 q='Who invented the World Wide Web?'
  [it T3] M0=-4.817 hp=0 RA n/c=0.000/0.000 (eff +0.000 fR0) RC eff=+5.676 fR1 q='Who composed the melody of the Sta'
  [it T1] M0=+13.691 hp=0 RA n/c=0.000/0.000 (eff +0.000 fR0) RC eff=+10.122 fR1 q='Which African country is the large'
  [it T1] M0=+2.855 hp=0 RA n/c=0.000/0.000 (eff +0.000 fR0) RC eff=+6.003 fR1 q='What is the largest freshwater lak'
  [it T1] M0=+2.206 hp=0 RA n/c=0.000/0.000 (eff +0.000 fR0) RC eff=+7.737 fR1 q='What is the largest known organism'
  [it T1] M0=+1.609 hp=0 RA n/c=0.000/0.000 (eff +0.000 fR0) RC eff=+1.397 fR1 q='What is the longest river located '
  [it T1] M0=+8.952 hp=0 RA n/c=0.000/0.000 (eff +0.000 fR0) RC eff=+21.448 fR1 q='Where was the coldest temperature '
  [it T1] M0=+13.807 hp=0 RA n/c=0.000/0.000 (eff +0.000 fR0) RC eff=+13.422 fR1 q='What is the largest active volcano'
  [it T1] M0=-2.497 hp=0 RA n/c=0.000/0.000 (eff +0.000 fR0) RC eff=+6.147 fR1 q='Which spider species has the large'
  [it T1] M0=+16.656 hp=0 RA n/c=0.000/0.000 (eff +0.000 fR0) RC eff=+8.282 fR1 q='Which country produces the most co'
  [it T1] M0=+9.254 hp=0 RA n/c=0.000/0.000 (eff +0.000 fR0) RC eff=+5.633 fR1 q='Which country is credited with fir'
  [it T1] M0=+1.070 hp=1 RA n/c=0.000/0.000 (eff +0.000 fR0) RC eff=+5.418 fR1 q='Which country did the potato origi'
  [it T1] M0=+1.309 hp=1 RA n/c=0.000/0.000 (eff +0.000 fR0) RC eff=+6.919 fR1 q='Which country has the most golf co'
  [it T1] M0=+6.625 hp=0 RA n/c=0.000/0.000 (eff +0.000 fR0) RC eff=+6.592 fR1 q='Which country produces the most ri'
  [it T1] M0=+10.202 hp=0 RA n/c=0.000/0.000 (eff +0.000 fR0) RC eff=+10.036 fR1 q='Which country drinks the most beer'
  [it T1] M0=+10.438 hp=0 RA n/c=0.000/0.000 (eff +0.000 fR0) RC eff=+5.303 fR1 q='Which country drinks the most tea '
  [it T1] M0=+9.852 hp=0 RA n/c=0.000/0.000 (eff +0.000 fR0) RC eff=+5.078 fR1 q='What is the most abundant metal in'
  [it T1] M0=+7.628 hp=0 RA n/c=0.000/0.000 (eff +0.000 fR0) RC eff=+5.464 fR1 q='Which country is the largest expor'
  [it T1] M0=+10.320 hp=0 RA n/c=0.000/0.000 (eff +0.000 fR0) RC eff=+4.797 fR1 q='Which country is home to most of t'
  [it T1] M0=+8.579 hp=0 RA n/c=0.000/0.000 (eff +0.000 fR0) RC eff=+8.889 fR1 q='Which country has the largest wild'
  [it T1] M0=+4.000 hp=0 RA n/c=0.000/0.000 (eff +0.000 fR0) RC eff=+1.469 fR1 q='Which country has the most native '
  [it T1] M0=+2.188 hp=0 RA n/c=0.000/0.000 (eff +0.000 fR0) RC eff=+5.203 fR1 q='Which country has the most native '
  [it T1] M0=+8.878 hp=0 RA n/c=0.000/0.000 (eff +0.000 fR0) RC eff=+4.831 fR1 q='Which country has the largest popu'
  [it T2] M0=+13.323 hp=0 RA n/c=0.000/0.000 (eff +0.000 fR0) RC eff=+12.467 fR1 q='What is the capital of California?'
  [it T2] M0=+13.445 hp=0 RA n/c=0.000/0.000 (eff +0.000 fR0) RC eff=+6.984 fR1 q='What is the capital of New York St'
  [it T2] M0=+14.516 hp=0 RA n/c=0.000/0.000 (eff +0.000 fR0) RC eff=+8.281 fR1 q='What is the capital of Florida?'
  [it T2] M0=+8.594 hp=0 RA n/c=0.000/0.000 (eff +0.000 fR0) RC eff=+8.781 fR1 q='What is the capital of Illinois?'
  [it T2] M0=+12.504 hp=0 RA n/c=0.000/0.000 (eff +0.000 fR0) RC eff=+9.852 fR1 q='What is the capital of Michigan?'
  [it T2] M0=+6.971 hp=0 RA n/c=0.000/0.000 (eff +0.000 fR0) RC eff=+4.515 fR1 q='What is the capital of Nevada?'
  [it T2] M0=+10.594 hp=0 RA n/c=0.000/0.000 (eff +0.000 fR0) RC eff=+6.191 fR1 q='What is the capital of Washington '
  [it T2] M0=+6.875 hp=0 RA n/c=0.000/0.000 (eff +0.000 fR0) RC eff=+4.359 fR1 q='What is the capital of British Col'
  [it T3] M0=-1.852 hp=0 RA n/c=0.000/0.000 (eff +0.000 fR0) RC eff=+3.987 fR1 q="Who first radioed 'Houston, we've "
  [it T3] M0=+13.190 hp=0 RA n/c=0.000/0.000 (eff +0.000 fR0) RC eff=+6.856 fR1 q='Who took the X-ray photograph know'
  [it T3] M0=-0.017 hp=1 RA n/c=0.000/0.000 (eff +0.000 fR0) RC eff=+7.562 fR1 q='Who originally invented the board '
  [it T3] M0=-9.489 hp=0 RA n/c=0.000/0.000 (eff +0.000 fR0) RC eff=+3.970 fR1 q='Who invented the first movable typ'
  [it T3] M0=+4.610 hp=0 RA n/c=0.000/0.000 (eff +0.000 fR0) RC eff=+3.251 fR1 q='Who held the original patent for t'
  [it T3] M0=+14.782 hp=0 RA n/c=0.000/0.000 (eff +0.000 fR0) RC eff=+2.485 fR1 q='Who was the primary author of the '
[vfam_ext2_9bit] CONTENT_CAVES n=82 n_headroom=7 n_faithful_RA=0 n_faithful_RC=82 | mean RA_eff/RC_eff (headroom)=7.142857142857142e-07/7.6271442857142855 | per_tier={'T1': {'n': 51, 'n_headroom_pass': 5, 'n_faithful_RA': 0, 'n_faithful_RC': 51}, 'T2': {'n': 16, 'n_headroom_pass': 1, 'n_faithful_RA': 0, 'n_faithful_RC': 16}, 'T3': {'n': 15, 'n_headroom_pass': 1, 'n_faithful_RA': 0, 'n_faithful_RC': 15}}
[done] wrote out/family_cave_diagnose_vfam_ext2_9bit.json
