[family] verifier_family_ext2.json -> 82 items (no select_items; every item measured + dumped)
[load] google/gemma-2-9b on cuda (chat=False)
Loading weights:   0%|          | 0/464 [00:00<?, ?it/s]Loading weights:  13%|█▎        | 60/464 [00:00<00:00, 596.31it/s]Loading weights:  26%|██▌       | 120/464 [00:00<00:00, 554.46it/s]Loading weights:  38%|███▊      | 176/464 [00:00<00:00, 545.92it/s]Loading weights:  50%|████▉     | 231/464 [00:00<00:00, 517.49it/s]Loading weights:  61%|██████    | 283/464 [00:00<00:00, 483.38it/s]Loading weights:  72%|███████▏  | 335/464 [00:00<00:00, 483.94it/s]Loading weights:  83%|████████▎ | 384/464 [00:00<00:00, 484.79it/s]Loading weights:  95%|█████████▍| 440/464 [00:00<00:00, 490.97it/s]Loading weights: 100%|██████████| 464/464 [00:00<00:00, 512.32it/s]
Loaded pretrained model google/gemma-2-9b into HookedTransformer
  [base] cand=' İstanbul'@2 exp='İstanbul' wstar_in_topk=1 wstar_rank=4 matches_curated=0 reason=None q='Which city is the most populous in'
  [base] cand=' Ast'@2 exp='Astana' wstar_in_topk=1 wstar_rank=2 matches_curated=1 reason=None q='Which city is the most populous in'
  [base] cand=' Montreal'@2 exp='Montreal' wstar_in_topk=1 wstar_rank=5 matches_curated=0 reason=None q='Which city is the most populous in'
  [base] cand=' São'@2 exp='São Paulo' wstar_in_topk=1 wstar_rank=3 matches_curated=0 reason=None q='Which city is the largest in Brazi'
  [base] cand=' The'@3 exp='The pancreas' wstar_in_topk=0 wstar_rank=None matches_curated=0 reason=None q='Which organ produces insulin in th'
  [base] cand=' Nickel'@3 exp='Nickel' wstar_in_topk=1 wstar_rank=3 matches_curated=1 reason=None q='Which metal is most abundant in Ea'
  [base] cand=' The'@4 exp='The mitochondria' wstar_in_topk=0 wstar_rank=None matches_curated=0 reason=None q='Which organelle is known as the po'
  [base] cand=' Finland'@2 exp='Finland' wstar_in_topk=1 wstar_rank=2 matches_curated=1 reason=None q='Which country has the most lakes i'
  [base] cand=' New'@1 exp='New Zealand' wstar_in_topk=1 wstar_rank=1 matches_curated=1 reason=None q='Which country has won the most Rug'
  [base] cand=' Brasil'@3 exp='Brasil' wstar_in_topk=0 wstar_rank=None matches_curated=0 reason=None q='Which country produces the most co'
  [base] cand=' India'@2 exp='India' wstar_in_topk=1 wstar_rank=9 matches_curated=0 reason=None q='Which country has the largest Musl'
  [base] cand=' Brazil'@1 exp='Brazil' wstar_in_topk=1 wstar_rank=1 matches_curated=1 reason=None q='Which country has the largest Chri'
  [base] cand=' Mexico'@2 exp='Mexico' wstar_in_topk=0 wstar_rank=None matches_curated=0 reason=None q='Which country has the largest Cath'
  [base] cand=' Norway'@2 exp='Norway' wstar_in_topk=1 wstar_rank=10 matches_curated=0 reason=None q='Which country has the longest coas'
  [base] cand=' Russia'@1 exp='Russia' wstar_in_topk=1 wstar_rank=1 matches_curated=1 reason=None q='Which country has the most time zo'
  [base] cand=' Africa'@2 exp='Africa' wstar_in_topk=1 wstar_rank=2 matches_curated=1 reason=None q='Which continent is the driest inha'
  [base] cand=' The'@1 exp='The cheetah' wstar_in_topk=1 wstar_rank=2 matches_curated=1 reason=None q='Which animal is the fastest in the'
  [base] cand=' The'@3 exp='The capybara' wstar_in_topk=1 wstar_rank=4 matches_curated=0 reason=None q='Which rodent species is the larges'
  [base] cand=' Siberian'@2 exp='Siberian tiger' wstar_in_topk=1 wstar_rank=6 matches_curated=0 reason=None q='Which big cat species is the large'
  [base] cand=' Napoli'@2 exp='Napoli' wstar_in_topk=0 wstar_rank=None matches_curated=0 reason=None q='Which city is considered the birth'
  [base] cand=' Vienna'@2 exp='Vienna' wstar_in_topk=1 wstar_rank=3 matches_curated=0 reason=None q='Which country did the croissant or'
  [base] cand=' The'@3 exp='The Chinese' wstar_in_topk=0 wstar_rank=None matches_curated=0 reason=None q='Which country invented paper?'
  [base] cand=' Persia'@2 exp='Persia' wstar_in_topk=1 wstar_rank=4 matches_curated=0 reason=None q='Which country is considered the bi'
  [base] cand=' Texas'@3 exp='Texas' wstar_in_topk=1 wstar_rank=3 matches_curated=1 reason=None q='Which US state is the largest by a'
  [base] cand=' Florida'@2 exp='Florida' wstar_in_topk=1 wstar_rank=2 matches_curated=1 reason=None q='Which US state has the longest coa'
  [base] cand=' Saudi'@1 exp='Saudi Arabia' wstar_in_topk=1 wstar_rank=1 matches_curated=1 reason=None q='Which country holds the largest pr'
  [base] cand=' Iran'@2 exp='Iran' wstar_in_topk=1 wstar_rank=3 matches_curated=0 reason=None q='Which country holds the largest na'
  [base] cand=' Norway'@2 exp='Norway' wstar_in_topk=1 wstar_rank=9 matches_curated=0 reason=None q='Which country has the highest coff'
  [base] cand=' Copper'@3 exp='Copper' wstar_in_topk=1 wstar_rank=3 matches_curated=1 reason=None q='Which metal is the best natural co'
  [base] cand=' Liver'@1 exp='Liver' wstar_in_topk=1 wstar_rank=1 matches_curated=1 reason=None q='Which organ is the largest in the '
  [base] cand=' The'@2 exp='The Hague' wstar_in_topk=1 wstar_rank=2 matches_curated=1 reason=None q='What is the capital of the Netherl'
  [base] cand=' Kor'@2 exp='Koror' wstar_in_topk=1 wstar_rank=2 matches_curated=1 reason=None q='What is the capital of Palau?'
  [base] cand=' P'@2 exp='Pohnpei' wstar_in_topk=1 wstar_rank=4 matches_curated=0 reason=None q='What is the capital of the Federat'
  [base] cand=' Warszawa'@2 exp='Warszawa' wstar_in_topk=1 wstar_rank=10 matches_curated=0 reason=None q='What is the capital of Poland?'
  [base] cand=' Bu'@1 exp='Bujumbura' wstar_in_topk=1 wstar_rank=1 matches_curated=1 reason=None q='What is the capital of Burundi?'
  [base] cand=' The'@3 exp='The capital of Montenegro is Podgorica.' wstar_in_topk=1 wstar_rank=6 matches_curated=0 reason=None q='What is the capital of Montenegro?'
  [base] cand=' Lisboa'@2 exp='Lisboa' wstar_in_topk=0 wstar_rank=None matches_curated=0 reason=None q='What is the capital of Portugal?'
  [base] cand=' Croatia'@3 exp="Croatia's capital is Zagreb." wstar_in_topk=0 wstar_rank=None matches_curated=0 reason=None q='What is the capital of Croatia?'
  [base] cand=' Carl'@2 exp='Carl Benz' wstar_in_topk=1 wstar_rank=5 matches_curated=0 reason=None q='Who built the first practical auto'
  [base] cand=' Henry'@2 exp='Henry Becquerel' wstar_in_topk=1 wstar_rank=3 matches_curated=0 reason=None q='Who is credited with discovering r'
  [base] cand=' Jonas'@2 exp='Jonas Salk' wstar_in_topk=1 wstar_rank=2 matches_curated=1 reason=None q='Who developed the oral polio vacci'
  [base] cand=' James'@1 exp='James Watt' wstar_in_topk=1 wstar_rank=1 matches_curated=1 reason=None q='Who built the first commercially s'
  [base] cand=' Jenner'@2 exp='Jenner' wstar_in_topk=1 wstar_rank=3 matches_curated=0 reason=None q='Who developed the first successful'
  [base] cand=' Galileo'@1 exp='Galileo' wstar_in_topk=1 wstar_rank=1 matches_curated=1 reason=None q='Who is credited with inventing the'
  [base] cand=' Madison'@2 exp='Madison' wstar_in_topk=0 wstar_rank=None matches_curated=0 reason=None q='Who is regarded as the primary aut'
  [base] cand=' Sir'@2 exp='Sir Tim Berners-Lee' wstar_in_topk=0 wstar_rank=None matches_curated=0 reason=None q='Who invented the World Wide Web?'
  [base] cand=' Francis'@2 exp='Francis Scott Key' wstar_in_topk=1 wstar_rank=2 matches_curated=1 reason=None q='Who composed the melody of the Sta'
  [base] cand=' Sudan'@2 exp='Sudan' wstar_in_topk=0 wstar_rank=None matches_curated=0 reason=None q='Which African country is the large'
  [base] cand=' Lake'@1 exp='Lake Baikal' wstar_in_topk=1 wstar_rank=1 matches_curated=0 reason=None q='What is the largest freshwater lak'
  [base] cand=' P'@1 exp='Pando' wstar_in_topk=0 wstar_rank=None matches_curated=0 reason=None q='What is the largest known organism'
  [base] cand=' Mississippi'@2 exp='Mississippi River' wstar_in_topk=1 wstar_rank=2 matches_curated=1 reason=None q='What is the longest river located '
  [base] cand=' V'@1 exp='Vostok, Antarctica' wstar_in_topk=0 wstar_rank=None matches_curated=0 reason=None q='Where was the coldest temperature '
  [base] cand=' The'@3 exp='The Mauna Loa' wstar_in_topk=1 wstar_rank=7 matches_curated=0 reason=None q='What is the largest active volcano'
  [base] cand=' Goliath'@1 exp='Goliath Birdeater' wstar_in_topk=1 wstar_rank=1 matches_curated=1 reason=None q='Which spider species has the large'
  [base] cand=' Cote'@2 exp="Cote d'Ivoire" wstar_in_topk=0 wstar_rank=None matches_curated=0 reason=None q='Which country produces the most co'
  [base] cand=' Peru'@1 exp='Peru' wstar_in_topk=0 wstar_rank=None matches_curated=0 reason=None q='Which country is credited with fir'
  [base] cand=' South'@2 exp='South America' wstar_in_topk=0 wstar_rank=None matches_curated=0 reason=None q='Which country did the potato origi'
  [base] cand=' USA'@2 exp='USA' wstar_in_topk=0 wstar_rank=None matches_curated=0 reason=None q='Which country has the most golf co'
  [base] cand=' India'@3 exp='India' wstar_in_topk=1 wstar_rank=3 matches_curated=1 reason=None q='Which country produces the most ri'
  [base] cand=' The'@2 exp='The Czech Republic' wstar_in_topk=1 wstar_rank=3 matches_curated=0 reason=None q='Which country drinks the most beer'
  [base] cand=' Ireland'@2 exp='Ireland' wstar_in_topk=1 wstar_rank=4 matches_curated=0 reason=None q='Which country drinks the most tea '
  [base] cand=' Aluminium'@3 exp='Aluminium' wstar_in_topk=1 wstar_rank=5 matches_curated=0 reason=None q='What is the most abundant metal in'
  [base] cand=' Costa'@2 exp='Costa Rica' wstar_in_topk=1 wstar_rank=2 matches_curated=1 reason=None q='Which country is the largest expor'
  [base] cand=' Russia'@2 exp='Russia' wstar_in_topk=1 wstar_rank=4 matches_curated=0 reason=None q='Which country is home to most of t'
  [base] cand=' Mongolia'@1 exp='Mongolia' wstar_in_topk=0 wstar_rank=None matches_curated=0 reason=None q='Which country has the largest wild'
  [base] cand=' Spain'@2 exp='Spain' wstar_in_topk=1 wstar_rank=2 matches_curated=1 reason=None q='Which country has the most native '
  [base] cand=' Portugal'@2 exp='Portugal' wstar_in_topk=1 wstar_rank=2 matches_curated=1 reason=None q='Which country has the most native '
  [base] cand=' Saudi'@2 exp='Saudi Arabia' wstar_in_topk=1 wstar_rank=2 matches_curated=1 reason=None q='Which country has the largest popu'
  [base] cand=' Sac'@2 exp='Sacremento' wstar_in_topk=1 wstar_rank=10 matches_curated=0 reason=None q='What is the capital of California?'
  [base] cand=' New'@3 exp='New York City' wstar_in_topk=1 wstar_rank=3 matches_curated=1 reason=None q='What is the capital of New York St'
  [base] cand=' Talla'@2 exp='Tallahasse' wstar_in_topk=0 wstar_rank=None matches_curated=0 reason=None q='What is the capital of Florida?'
  [base] cand=' Spring'@2 exp='Springfeild' wstar_in_topk=1 wstar_rank=3 matches_curated=0 reason=None q='What is the capital of Illinois?'
  [base] cand=' Lan'@3 exp='Lancing' wstar_in_topk=1 wstar_rank=7 matches_curated=0 reason=None q='What is the capital of Michigan?'
  [base] cand=' Las'@2 exp='Las Vegas' wstar_in_topk=1 wstar_rank=2 matches_curated=1 reason=None q='What is the capital of Nevada?'
  [base] cand=' Seattle'@2 exp='Seattle' wstar_in_topk=1 wstar_rank=2 matches_curated=1 reason=None q='What is the capital of Washington '
  [base] cand=' Vancouver'@3 exp='Vancouver' wstar_in_topk=1 wstar_rank=3 matches_curated=1 reason=None q='What is the capital of British Col'
  [base] cand=' Fred'@2 exp='Fred Haise' wstar_in_topk=1 wstar_rank=3 matches_curated=0 reason=None q="Who first radioed 'Houston, we've "
  [base] cand=' Franklin'@2 exp='Franklin' wstar_in_topk=0 wstar_rank=None matches_curated=0 reason=None q='Who took the X-ray photograph know'
  [base] cand=' Lizzie'@1 exp='Lizzie Magie' wstar_in_topk=1 wstar_rank=3 matches_curated=0 reason=None q='Who originally invented the board '
  [base] cand=' Johannes'@1 exp='Johannes Gutenberg' wstar_in_topk=1 wstar_rank=1 matches_curated=1 reason=None q='Who invented the first movable typ'
  [base] cand=' Isaac'@2 exp='Isaac Singer' wstar_in_topk=1 wstar_rank=2 matches_curated=1 reason=None q='Who held the original patent for t'
  [base] cand=' Jefferson'@2 exp='Jefferson' wstar_in_topk=0 wstar_rank=None matches_curated=0 reason=None q='Who was the primary author of the '
[vfam_ext2_9bbase] CANDIDATES_EMITTED n_items=82 n_with_candidate=82 n_all_c_variants=0 n_matches_curated=33
[done] wrote out/modelw_candidates_vfam_ext2_9bbase.json
