[load] google/gemma-2-9b-it on cuda (chat=True); family mechanism_family_9bit.json -> 74 items (DERIVE 37 / EVAL 37); p2=set
Fetching 4 files:   0%|          | 0/4 [00:00<?, ?it/s]Fetching 4 files:  25%|██▌       | 1/4 [00:19<00:58, 19.44s/it]Fetching 4 files:  50%|█████     | 2/4 [00:20<00:16,  8.49s/it]Fetching 4 files: 100%|██████████| 4/4 [00:20<00:00,  5.07s/it]
Loading weights:   0%|          | 0/464 [00:00<?, ?it/s]Loading weights:  40%|████      | 186/464 [00:00<00:00, 1857.20it/s]Loading weights:  80%|████████  | 372/464 [00:00<00:00, 1687.00it/s]Loading weights: 100%|██████████| 464/464 [00:00<00:00, 1908.60it/s]
Loaded pretrained model google/gemma-2-9b-it into HookedTransformer
  [000] DERIVE done (unstable so far=0) q="What is the world's longest river?"
  [001] EVAL  done (unstable so far=0) q='Which country has the largest popu'
  [002] EVAL  done (unstable so far=0) q='What is the largest desert in the '
  [003] EVAL  done (unstable so far=0) q='Which planet in the Solar System i'
  [004] DERIVE done (unstable so far=0) q='Which country has the most pyramid'
  [005] EVAL  done (unstable so far=0) q='What is the largest island in the '
  [006] EVAL  done (unstable so far=0) q='Which language has the most native'
  [007] DERIVE done (unstable so far=0) q='What is the capital of Kazakhstan?'
  [008] DERIVE done (unstable so far=0) q='What is the capital of Myanmar?'
  [009] EVAL  done (unstable so far=0) q="What is the capital of Cote d'Ivoi"
  [010] DERIVE done (unstable so far=0) q='What is the capital of Benin?'
  [011] EVAL  done (unstable so far=0) q='Who was the first European to reac'
  [012] EVAL  done (unstable so far=0) q='Who built the first working incand'
  [013] DERIVE done (unstable so far=0) q='Measured from base to peak, what i'
  [014] EVAL  done (unstable so far=0) q='What is the brightest star in the '
  [015] DERIVE done (unstable so far=0) q='What is the capital of Tanzania?'
  [016] EVAL  done (unstable so far=0) q='What is the largest lake on Earth '
  [017] DERIVE done (unstable so far=0) q='What is the largest moon in the So'
  [018] EVAL  done (unstable so far=0) q='What is the largest rainforest in '
  [019] DERIVE done (unstable so far=0) q='What is the largest species of pen'
  [020] EVAL  done (unstable so far=0) q='What is the largest species of sha'
  [021] DERIVE done (unstable so far=0) q='What is the longest continental mo'
  [022] DERIVE done (unstable so far=0) q='What is the most abundant element '
  [023] EVAL  done (unstable so far=0) q='What is the most abundant gas in E'
  [024] EVAL  done (unstable so far=0) q='What is the smallest country in th'
  [025] DERIVE done (unstable so far=0) q='Which continent has the most count'
  [026] DERIVE done (unstable so far=0) q='Which country was the first to gra'
  [027] DERIVE done (unstable so far=0) q='Who first proposed that the Earth '
  [028] DERIVE done (unstable so far=0) q='Who is credited as the first compu'
  [029] EVAL  done (unstable so far=0) q='What is the capital of Montenegro?'
  [030] EVAL  done (unstable so far=0) q='What is the capital of Palau?'
  [031] EVAL  done (unstable so far=0) q='What is the capital of the Federat'
  [032] DERIVE done (unstable so far=0) q='What is the capital of the Netherl'
  [033] DERIVE done (unstable so far=0) q='What is the largest freshwater lak'
  [034] DERIVE done (unstable so far=0) q='What is the largest known organism'
  [035] EVAL  done (unstable so far=0) q='What is the longest river located '
  [036] DERIVE done (unstable so far=0) q='What is the most abundant metal in'
  [037] EVAL  done (unstable so far=0) q='Where was the coldest temperature '
  [038] DERIVE done (unstable so far=0) q='Which US state has the longest coa'
  [039] EVAL  done (unstable so far=0) q='Which US state is the largest by a'
  [040] DERIVE done (unstable so far=0) q='Which animal is the fastest in the'
  [041] EVAL  done (unstable so far=0) q='Which big cat species is the large'
  [042] DERIVE done (unstable so far=0) q='Which city is the largest in Brazi'
  [043] EVAL  done (unstable so far=0) q='Which city is the most populous in'
  [044] EVAL  done (unstable so far=0) q='Which continent is the driest inha'
  [045] DERIVE done (unstable so far=0) q='Which country did the croissant or'
  [046] EVAL  done (unstable so far=0) q='Which country drinks the most beer'
  [047] DERIVE done (unstable so far=0) q='Which country drinks the most tea '
  [048] EVAL  done (unstable so far=0) q='Which country has the highest coff'
  [049] DERIVE done (unstable so far=0) q='Which country has the largest Cath'
  [050] EVAL  done (unstable so far=0) q='Which country has the largest Musl'
  [051] DERIVE done (unstable so far=0) q='Which country has the largest popu'
  [052] DERIVE done (unstable so far=0) q='Which country has the largest wild'
  [053] EVAL  done (unstable so far=0) q='Which country has the longest coas'
  [054] DERIVE done (unstable so far=0) q='Which country has the most golf co'
  [055] EVAL  done (unstable so far=0) q='Which country has the most lakes i'
  [056] DERIVE done (unstable so far=0) q='Which country has the most native '
  [057] EVAL  done (unstable so far=0) q='Which country has the most native '
  [058] EVAL  done (unstable so far=0) q='Which country has the most time zo'
  [059] DERIVE done (unstable so far=0) q='Which country holds the largest na'
  [060] EVAL  done (unstable so far=0) q='Which country holds the largest pr'
  [061] DERIVE done (unstable so far=0) q='Which country is credited with fir'
  [062] EVAL  done (unstable so far=0) q='Which country is home to most of t'
  [063] DERIVE done (unstable so far=0) q='Which country is the largest expor'
  [064] EVAL  done (unstable so far=0) q='Which country produces the most ri'
  [065] DERIVE done (unstable so far=0) q='Which metal is most abundant in Ea'
  [066] EVAL  done (unstable so far=0) q='Which metal is the best natural co'
  [067] DERIVE done (unstable so far=0) q='Which organ is the largest in the '
  [068] DERIVE done (unstable so far=0) q='Which rodent species is the larges'
  [069] DERIVE done (unstable so far=0) q='Who developed the first successful'
  [070] EVAL  done (unstable so far=0) q='Who developed the oral polio vacci'
  [071] EVAL  done (unstable so far=0) q='Who held the original patent for t'
  [072] EVAL  done (unstable so far=0) q='Who is credited with discovering r'
  [073] DERIVE done (unstable so far=0) q='Who is credited with inventing the'
[greedy fold] subset=[(12, 0)] rate=1.0 (eval 1)
[greedy fold] subset=[(21, 4)] rate=1.0 (eval 2)
[greedy fold] subset=[(18, 3)] rate=0.9722222222222222 (eval 3)
[greedy fold] subset=[(15, 9)] rate=1.0 (eval 4)
[greedy fold] subset=[(11, 14)] rate=1.0 (eval 5)
[greedy fold] subset=[(10, 2)] rate=1.0 (eval 6)
[greedy fold] subset=[(22, 5)] rate=0.972972972972973 (eval 7)
[greedy fold] subset=[(15, 13)] rate=0.972972972972973 (eval 8)
[greedy fold] subset=[(12, 2)] rate=1.0 (eval 9)
[greedy fold] subset=[(18, 8)] rate=1.0 (eval 10)
[greedy listen] subset=[(21, 4)] rate=1.0 (eval 1)
[greedy listen] subset=[(12, 0)] rate=1.0 (eval 2)
[greedy listen] subset=[(18, 3)] rate=1.0 (eval 3)
[greedy listen] subset=[(15, 9)] rate=1.0 (eval 4)
[greedy listen] subset=[(22, 5)] rate=1.0 (eval 5)
[greedy listen] subset=[(10, 2)] rate=1.0 (eval 6)
[greedy listen] subset=[(11, 14)] rate=1.0 (eval 7)
[greedy listen] subset=[(15, 4)] rate=1.0 (eval 8)
[greedy listen] subset=[(12, 2)] rate=1.0 (eval 9)
[greedy listen] subset=[(18, 12)] rate=1.0 (eval 10)

[p3a_9bit] A1 span_stability: SPAN_STABLE_ALL (n_unstable=0)
[p3a_9bit] A2 listen_ko_reread: LISTEN_KO_AT_FLOOR -- listen_mask_rate 0.300 - floor 0.271 = 0.029 < 0.18.
[p3a_9bit] A3 dla_baseline: fold_side=GENERIC_ANSWER_FORMATION listen_side=MIXED
[p3a_9bit] B handle_freeze: FROZEN (fold WEAK_AT_DERIVE, listen WEAK_AT_DERIVE); H_read_fold=[] H_read_listen=[]
[written] out/foldlisten_phase3a_p3a_9bit_summary.json
[written] out/phase3_handles_p3a_9bit.npz
[written] out/phase3_handles_p3a_9bit.json
