[load] google/gemma-2-9b-it on cuda (chat=True)
Loading weights:   0%|          | 0/464 [00:00<?, ?it/s]Loading weights: 100%|██████████| 464/464 [00:00<00:00, 5532.67it/s]
Loaded pretrained model google/gemma-2-9b-it into HookedTransformer
[family] combined_family.json -> 138 items x 2 contexts (correct/Wstar); every context captured
  [000] captured 2 ctxs (y=1:'Nile', y=0:'Amazon') q="What is the world's longest river?"
  [001] captured 2 ctxs (y=1:'India', y=0:'China') q='Which country has the largest population'
  [002] captured 2 ctxs (y=1:'Antarctica', y=0:'Sahara') q='What is the largest desert in the world?'
  [003] captured 2 ctxs (y=1:'Venus', y=0:'Mercury') q='Which planet in the Solar System is the '
  [004] captured 2 ctxs (y=1:'Sudan', y=0:'Egypt') q='Which country has the most pyramids?'
  [005] captured 2 ctxs (y=1:'Greenland', y=0:'Australia') q='What is the largest island in the world?'
  [006] captured 2 ctxs (y=1:'Mandarin', y=0:'English') q='Which language has the most native speak'
  [007] captured 2 ctxs (y=1:'Canberra', y=0:'Sydney') q='What is the capital of Australia?'
  [008] captured 2 ctxs (y=1:'Ankara', y=0:'Istanbul') q='What is the capital of Turkey?'
  [009] captured 2 ctxs (y=1:'Brasilia', y=0:'Rio de Janeiro') q='What is the capital of Brazil?'
  [010] captured 2 ctxs (y=1:'Ottawa', y=0:'Toronto') q='What is the capital of Canada?'
  [011] captured 2 ctxs (y=1:'Astana', y=0:'Almaty') q='What is the capital of Kazakhstan?'
  [012] captured 2 ctxs (y=1:'Naypyidaw', y=0:'Yangon') q='What is the capital of Myanmar?'
  [013] captured 2 ctxs (y=1:'Abuja', y=0:'Lagos') q='What is the capital of Nigeria?'
  [014] captured 2 ctxs (y=1:'Yamoussoukro', y=0:'Abidjan') q="What is the capital of Cote d'Ivoire?"
  [015] captured 2 ctxs (y=1:'Wellington', y=0:'Auckland') q='What is the capital of New Zealand?'
  [016] captured 2 ctxs (y=1:'Rabat', y=0:'Casablanca') q='What is the capital of Morocco?'
  [017] captured 2 ctxs (y=1:'Islamabad', y=0:'Karachi') q='What is the capital of Pakistan?'
  [018] captured 2 ctxs (y=1:'Porto-Novo', y=0:'Cotonou') q='What is the capital of Benin?'
  [019] captured 2 ctxs (y=1:'Erikson', y=0:'Columbus') q='Who was the first European to reach the '
  [020] captured 2 ctxs (y=1:'Gagarin', y=0:'Armstrong') q='Who was the first person to travel into '
  [021] captured 2 ctxs (y=1:'Swan', y=0:'Edison') q='Who built the first working incandescent'
  [022] captured 2 ctxs (y=1:'Mauna Kea', y=0:'Everest') q='Measured from base to peak, what is the '
  [023] captured 2 ctxs (y=1:'Caspian', y=0:'Superior') q='What is the largest lake on Earth by sur'
  [024] captured 2 ctxs (y=1:'Ganymede', y=0:'Titan') q='What is the largest moon in the Solar Sy'
  [025] captured 2 ctxs (y=1:'Sirius', y=0:'Polaris') q='What is the brightest star in the night '
  [026] captured 2 ctxs (y=1:'Whale shark', y=0:'Great white') q='What is the largest species of shark?'
  [027] captured 2 ctxs (y=1:'Nitrogen', y=0:'Oxygen') q="What is the most abundant gas in Earth's"
  [028] captured 2 ctxs (y=1:'Hydrogen', y=0:'Helium') q='What is the most abundant element in the'
  [029] captured 2 ctxs (y=1:'Angel Falls', y=0:'Niagara') q='What is the tallest waterfall in the wor'
  [030] captured 2 ctxs (y=1:'Vatican', y=0:'Monaco') q='What is the smallest country in the worl'
  [031] captured 2 ctxs (y=1:'Emperor', y=0:'King') q='What is the largest species of penguin?'
  [032] captured 2 ctxs (y=1:'Amazon', y=0:'Congo') q='What is the largest rainforest in the wo'
  [033] captured 2 ctxs (y=1:'Andes', y=0:'Himalayas') q='What is the longest continental mountain'
  [034] captured 2 ctxs (y=1:'New Zealand', y=0:'United States') q='Which country was the first to grant wom'
  [035] captured 2 ctxs (y=1:'Africa', y=0:'Asia') q='Which continent has the most countries?'
  [036] captured 2 ctxs (y=1:'Washington', y=0:'New York') q='What is the capital of the United States'
  [037] captured 2 ctxs (y=1:'Bern', y=0:'Zurich') q='What is the capital of Switzerland?'
  [038] captured 2 ctxs (y=1:'Hanoi', y=0:'Ho Chi Minh City') q='What is the capital of Vietnam?'
  [039] captured 2 ctxs (y=1:'Riyadh', y=0:'Jeddah') q='What is the capital of Saudi Arabia?'
  [040] captured 2 ctxs (y=1:'Abu Dhabi', y=0:'Dubai') q='What is the capital of the United Arab E'
  [041] captured 2 ctxs (y=1:'Dodoma', y=0:'Dar es Salaam') q='What is the capital of Tanzania?'
  [042] captured 2 ctxs (y=1:'Sri Jayawardenepura Kotte', y=0:'Colombo') q='What is the capital of Sri Lanka?'
  [043] captured 2 ctxs (y=1:'Yaounde', y=0:'Douala') q='What is the capital of Cameroon?'
  [044] captured 2 ctxs (y=1:'Quito', y=0:'Guayaquil') q='What is the capital of Ecuador?'
  [045] captured 2 ctxs (y=1:'Belmopan', y=0:'Belize City') q='What is the capital of Belize?'
  [046] captured 2 ctxs (y=1:'Tokyo', y=0:'Kyoto') q='What is the capital of Japan?'
  [047] captured 2 ctxs (y=1:'Moscow', y=0:'Saint Petersburg') q='What is the capital of Russia?'
  [048] captured 2 ctxs (y=1:'New Delhi', y=0:'Mumbai') q='What is the capital of India?'
  [049] captured 2 ctxs (y=1:'Beijing', y=0:'Shanghai') q='What is the capital of China?'
  [050] captured 2 ctxs (y=1:'Madrid', y=0:'Barcelona') q='What is the capital of Spain?'
  [051] captured 2 ctxs (y=1:'Aristarchus', y=0:'Copernicus') q='Who first proposed that the Earth revolv'
  [052] captured 2 ctxs (y=1:'Elcano', y=0:'Magellan') q='Who completed the first circumnavigation'
  [053] captured 2 ctxs (y=1:'Amundsen', y=0:'Scott') q='Who was the first person to reach the So'
  [054] captured 2 ctxs (y=1:'Tereshkova', y=0:'Sally Ride') q='Who was the first woman to travel into s'
  [055] captured 2 ctxs (y=1:'Ada Lovelace', y=0:'Charles Babbage') q='Who is credited as the first computer pr'
  [056] captured 2 ctxs (y=1:'Istanbul', y=0:'Ankara') q='Which city is the most populous in Turke'
  [057] captured 2 ctxs (y=1:'Almaty', y=0:'Astana') q='Which city is the most populous in Kazak'
  [058] captured 2 ctxs (y=1:'Toronto', y=0:'Ottawa') q='Which city is the most populous in Canad'
  [059] captured 2 ctxs (y=1:'Sao Paulo', y=0:'Rio de Janeiro') q='Which city is the largest in Brazil?'
  [060] captured 2 ctxs (y=1:'Pancreas', y=0:'Liver') q='Which organ produces insulin in the huma'
  [061] captured 2 ctxs (y=1:'Iron', y=0:'Nickel') q="Which metal is most abundant in Earth's "
  [062] captured 2 ctxs (y=1:'Mitochondria', y=0:'Nucleus') q='Which organelle is known as the powerhou'
  [063] captured 2 ctxs (y=1:'Canada', y=0:'Finland') q='Which country has the most lakes in the '
  [064] captured 2 ctxs (y=1:'South Africa', y=0:'New Zealand') q='Which country has won the most Rugby Wor'
  [065] captured 2 ctxs (y=1:'Brazil', y=0:'Colombia') q='Which country produces the most coffee i'
  [066] captured 2 ctxs (y=1:'Indonesia', y=0:'Saudi Arabia') q='Which country has the largest Muslim pop'
  [067] captured 2 ctxs (y=1:'United States', y=0:'Brazil') q='Which country has the largest Christian '
  [068] captured 2 ctxs (y=1:'Brazil', y=0:'Italy') q='Which country has the largest Catholic p'
  [069] captured 2 ctxs (y=1:'Canada', y=0:'Russia') q='Which country has the longest coastline '
  [070] captured 2 ctxs (y=1:'France', y=0:'Russia') q='Which country has the most time zones in'
  [071] captured 2 ctxs (y=1:'Australia', y=0:'Africa') q='Which continent is the driest inhabited '
  [072] captured 2 ctxs (y=1:'Peregrine Falcon', y=0:'Cheetah') q='Which animal is the fastest in the world'
  [073] captured 2 ctxs (y=1:'Capybara', y=0:'Beaver') q='Which rodent species is the largest in t'
  [074] captured 2 ctxs (y=1:'Tiger', y=0:'Lion') q='Which big cat species is the largest in '
  [075] captured 2 ctxs (y=1:'Naples', y=0:'Rome') q='Which city is considered the birthplace '
  [076] captured 2 ctxs (y=1:'Austria', y=0:'France') q='Which country did the croissant originat'
  [077] captured 2 ctxs (y=1:'China', y=0:'Egypt') q='Which country invented paper?'
  [078] captured 2 ctxs (y=1:'India', y=0:'Iran') q='Which country is considered the birthpla'
  [079] captured 2 ctxs (y=1:'Alaska', y=0:'Texas') q='Which US state is the largest by area?'
  [080] captured 2 ctxs (y=1:'Alaska', y=0:'Florida') q='Which US state has the longest coastline'
  [081] captured 2 ctxs (y=1:'Venezuela', y=0:'Saudi Arabia') q='Which country holds the largest proven o'
  [082] captured 2 ctxs (y=1:'Russia', y=0:'Qatar') q='Which country holds the largest natural '
  [083] captured 2 ctxs (y=1:'Finland', y=0:'Italy') q='Which country has the highest coffee con'
  [084] captured 2 ctxs (y=1:'Silver', y=0:'Copper') q='Which metal is the best natural conducto'
  [085] captured 2 ctxs (y=1:'Skin', y=0:'Liver') q='Which organ is the largest in the human '
  [086] captured 2 ctxs (y=1:'Amsterdam', y=0:'The Hague') q='What is the capital of the Netherlands?'
  [087] captured 2 ctxs (y=1:'Ngerulmud', y=0:'Koror') q='What is the capital of Palau?'
  [088] captured 2 ctxs (y=1:'Palikir', y=0:'Kolonia') q='What is the capital of the Federated Sta'
  [089] captured 2 ctxs (y=1:'Warsaw', y=0:'Krakow') q='What is the capital of Poland?'
  [090] captured 2 ctxs (y=1:'Gitega', y=0:'Bujumbura') q='What is the capital of Burundi?'
  [091] captured 2 ctxs (y=1:'Podgorica', y=0:'Cetinje') q='What is the capital of Montenegro?'
  [092] captured 2 ctxs (y=1:'Lisbon', y=0:'Porto') q='What is the capital of Portugal?'
  [093] captured 2 ctxs (y=1:'Zagreb', y=0:'Dubrovnik') q='What is the capital of Croatia?'
  [094] captured 2 ctxs (y=1:'Karl Benz', y=0:'Henry Ford') q='Who built the first practical automobile'
  [095] captured 2 ctxs (y=1:'Henri Becquerel', y=0:'Marie Curie') q='Who is credited with discovering radioac'
  [096] captured 2 ctxs (y=1:'Albert Sabin', y=0:'Jonas Salk') q='Who developed the oral polio vaccine?'
  [097] captured 2 ctxs (y=1:'Thomas Newcomen', y=0:'James Watt') q='Who built the first commercially success'
  [098] captured 2 ctxs (y=1:'Edward Jenner', y=0:'Louis Pasteur') q='Who developed the first successful vacci'
  [099] captured 2 ctxs (y=1:'Hans Lippershey', y=0:'Galileo Galilei') q='Who is credited with inventing the teles'
  [100] captured 2 ctxs (y=1:'James Madison', y=0:'Thomas Jefferson') q='Who is regarded as the primary author of'
  [101] captured 2 ctxs (y=1:'Tim Berners-Lee', y=0:'Bill Gates') q='Who invented the World Wide Web?'
  [102] captured 2 ctxs (y=1:'John Stafford Smith', y=0:'Francis Scott Key') q='Who composed the melody of the Star-Span'
  [103] captured 2 ctxs (y=1:'Algeria', y=0:'DR Congo') q='Which African country is the largest by '
  [104] captured 2 ctxs (y=1:'Baikal', y=0:'Lake Superior') q='What is the largest freshwater lake in t'
  [105] captured 2 ctxs (y=1:'Honey fungus', y=0:'Blue whale') q='What is the largest known organism on Ea'
  [106] captured 2 ctxs (y=1:'Missouri River', y=0:'Mississippi River') q='What is the longest river located entire'
  [107] captured 2 ctxs (y=1:'Antarctica', y=0:'Oymyakon') q='Where was the coldest temperature on Ear'
  [108] captured 2 ctxs (y=1:'Mauna Loa', y=0:'Mount Fuji') q='What is the largest active volcano on Ea'
  [109] captured 2 ctxs (y=1:'Giant huntsman spider', y=0:'Goliath birdeater') q='Which spider species has the largest leg'
  [110] captured 2 ctxs (y=1:'Ivory Coast', y=0:'Switzerland') q='Which country produces the most cocoa in'
  [111] captured 2 ctxs (y=1:'Mexico', y=0:'Italy') q='Which country is credited with first dom'
  [112] captured 2 ctxs (y=1:'Peru', y=0:'Ireland') q='Which country did the potato originally '
  [113] captured 2 ctxs (y=1:'United States', y=0:'Scotland') q='Which country has the most golf courses '
  [114] captured 2 ctxs (y=1:'China', y=0:'India') q='Which country produces the most rice in '
  [115] captured 2 ctxs (y=1:'Czech Republic', y=0:'Germany') q='Which country drinks the most beer per c'
  [116] captured 2 ctxs (y=1:'Turkey', y=0:'United Kingdom') q='Which country drinks the most tea per ca'
  [117] captured 2 ctxs (y=1:'Aluminum', y=0:'Iron') q='What is the most abundant metal in Earth'
  [118] captured 2 ctxs (y=1:'Ecuador', y=0:'Costa Rica') q='Which country is the largest exporter of'
  [119] captured 2 ctxs (y=1:'India', y=0:'China') q='Which country is home to most of the wor'
  [120] captured 2 ctxs (y=1:'Australia', y=0:'Saudi Arabia') q='Which country has the largest wild camel'
  [121] captured 2 ctxs (y=1:'Mexico', y=0:'Spain') q='Which country has the most native Spanis'
  [122] captured 2 ctxs (y=1:'Brazil', y=0:'Portugal') q='Which country has the most native Portug'
  [123] captured 2 ctxs (y=1:'Egypt', y=0:'Saudi Arabia') q='Which country has the largest population'
  [124] captured 2 ctxs (y=1:'Sacramento', y=0:'Los Angeles') q='What is the capital of California?'
  [125] captured 2 ctxs (y=1:'Albany', y=0:'New York City') q='What is the capital of New York State?'
  [126] captured 2 ctxs (y=1:'Tallahassee', y=0:'Miami') q='What is the capital of Florida?'
  [127] captured 2 ctxs (y=1:'Springfield', y=0:'Chicago') q='What is the capital of Illinois?'
  [128] captured 2 ctxs (y=1:'Lansing', y=0:'Detroit') q='What is the capital of Michigan?'
  [129] captured 2 ctxs (y=1:'Carson City', y=0:'Las Vegas') q='What is the capital of Nevada?'
  [130] captured 2 ctxs (y=1:'Olympia', y=0:'Seattle') q='What is the capital of Washington State?'
  [131] captured 2 ctxs (y=1:'Victoria', y=0:'Vancouver') q='What is the capital of British Columbia?'
  [132] captured 2 ctxs (y=1:'Jack Swigert', y=0:'Jim Lovell') q="Who first radioed 'Houston, we've had a "
  [133] captured 2 ctxs (y=1:'Rosalind Franklin', y=0:'James Watson') q='Who took the X-ray photograph known as P'
  [134] captured 2 ctxs (y=1:'Elizabeth Magie', y=0:'Charles Darrow') q='Who originally invented the board game t'
  [135] captured 2 ctxs (y=1:'Bi Sheng', y=0:'Johannes Gutenberg') q='Who invented the first movable type prin'
  [136] captured 2 ctxs (y=1:'Elias Howe', y=0:'Isaac Singer') q='Who held the original patent for the mod'
  [137] captured 2 ctxs (y=1:'Thomas Jefferson', y=0:'George Washington') q='Who was the primary author of the Declar'
[written] out/think_probe_capture_tp_9bit_comb.npz  X=(276, 42, 3584) y=(276,) item_idx=(276,)
[written] out/think_probe_capture_tp_9bit_comb.json
[fit] per_layer_auroc=[0.5133, 0.5495, 0.5435, 0.5383, 0.5643, 0.5603, 0.5812, 0.5971, 0.6153, 0.6392, 0.6665, 0.6673, 0.7112, 0.7284, 0.6947, 0.7038, 0.7617, 0.826, 0.8181, 0.84, 0.8217, 0.8308, 0.8199, 0.831, 0.8266, 0.8328, 0.8259, 0.823, 0.8162, 0.8193, 0.8137, 0.8107, 0.8129, 0.8073, 0.8081, 0.8148, 0.8199, 0.8284, 0.834, 0.8274, 0.8178, 0.7951]
[fit] best_layer=19 heldout_auroc_best=0.84 perm_floor=0.5072 rand_floor=0.4984 (n_items=138)
[tp_9bit_comb] PROBE_VALID: heldout_auroc_best=0.8400 >= 0.8 AND perm_floor=0.5072 <= 0.6 AND rand_floor=0.4984 <= 0.6.
[written] out/think_probe_fit_tp_9bit_comb.json
